<testsuites id="" name="" tests="1932" failures="333" skipped="0" errors="0" time="830.361819">
<testsuite name="accessibility.spec.ts" timestamp="2026-01-23T13:20:25.002Z" hostname="chromium" tests="13" failures="1" skipped="0" time="18.883" errors="0">
<testcase name="Accessibility Tests › Dashboard should not have accessibility violations" classname="accessibility.spec.ts" time="2.85">
</testcase>
<testcase name="Accessibility Tests › should have proper heading hierarchy" classname="accessibility.spec.ts" time="2.341">
</testcase>
<testcase name="Accessibility Tests › should have proper ARIA labels" classname="accessibility.spec.ts" time="2.331">
</testcase>
<testcase name="Accessibility Tests › should have proper role attributes" classname="accessibility.spec.ts" time="1.026">
</testcase>
<testcase name="Accessibility Tests › should be keyboard navigable" classname="accessibility.spec.ts" time="1.036">
</testcase>
<testcase name="Accessibility Tests › should support screen readers with alt text" classname="accessibility.spec.ts" time="2.331">
</testcase>
<testcase name="Accessibility Tests › should have proper form labels" classname="accessibility.spec.ts" time="0.993">
</testcase>
<testcase name="Accessibility Tests › should have proper button labels" classname="accessibility.spec.ts" time="1.431">
</testcase>
<testcase name="Accessibility Tests › should have proper color contrast" classname="accessibility.spec.ts" time="1.63">
</testcase>
<testcase name="Accessibility Tests › should support dark mode" classname="accessibility.spec.ts" time="0.862">
</testcase>
<testcase name="Accessibility Tests › Analytics Dashboard should not have accessibility violations" classname="accessibility.spec.ts" time="1.203">
<failure message="accessibility.spec.ts:179:3 Analytics Dashboard should not have accessibility violations" type="FAILURE">
<![CDATA[  [chromium] › accessibility.spec.ts:179:3 › Accessibility Tests › Analytics Dashboard should not have accessibility violations 

    Error: expect(received).toEqual(expected) // deep equality

    - Expected  -   1
    + Received  + 378

    - Array []
    + Array [
    +   Object {
    +     "description": "Ensure every form element has a label",
    +     "help": "Form elements must have labels",
    +     "helpUrl": "https://dequeuniversity.com/rules/axe/4.11/label?application=playwright",
    +     "id": "label",
    +     "impact": "critical",
    +     "nodes": Array [
    +       Object {
    +         "all": Array [],
    +         "any": Array [
    +           Object {
    +             "data": null,
    +             "id": "implicit-label",
    +             "impact": "critical",
    +             "message": "Element does not have an implicit (wrapped) <label>",
    +             "relatedNodes": Array [],
    +           },
    +           Object {
    +             "data": null,
    +             "id": "explicit-label",
    +             "impact": "critical",
    +             "message": "Element does not have an explicit <label>",
    +             "relatedNodes": Array [],
    +           },
    +           Object {
    +             "data": null,
    +             "id": "aria-label",
    +             "impact": "critical",
    +             "message": "aria-label attribute does not exist or is empty",
    +             "relatedNodes": Array [],
    +           },
    +           Object {
    +             "data": null,
    +             "id": "aria-labelledby",
    +             "impact": "critical",
    +             "message": "aria-labelledby attribute does not exist, references elements that do not exist or references elements that are empty",
    +             "relatedNodes": Array [],
    +           },
    +           Object {
    +             "data": Object {
    +               "messageKey": "noAttr",
    +             },
    +             "id": "non-empty-title",
    +             "impact": "critical",
    +             "message": "Element has no title attribute",
    +             "relatedNodes": Array [],
    +           },
    +           Object {
    +             "data": Object {
    +               "messageKey": "noAttr",
    +             },
    +             "id": "non-empty-placeholder",
    +             "impact": "critical",
    +             "message": "Element has no placeholder attribute",
    +             "relatedNodes": Array [],
    +           },
    +           Object {
    +             "data": null,
    +             "id": "presentational-role",
    +             "impact": "critical",
    +             "message": "Element's default semantics were not overridden with role=\"none\" or role=\"presentation\"",
    +             "relatedNodes": Array [],
    +           },
    +         ],
    +         "failureSummary": "Fix any of the following:
    +   Element does not have an implicit (wrapped) <label>
    +   Element does not have an explicit <label>
    +   aria-label attribute does not exist or is empty
    +   aria-labelledby attribute does not exist, references elements that do not exist or references elements that are empty
    +   Element has no title attribute
    +   Element has no placeholder attribute
    +   Element's default semantics were not overridden with role=\"none\" or role=\"presentation\"",
    +         "html": "<input type=\"date\" class=\"w-full px-3 py-2 text-sm border border-gray-300 dark:border-gray-600 bg-white dark:bg-gray-700 text-gray-900 dark:text-white rounded-lg focus:ring-2 focus:ring-blue-500 focus:border-transparent\" value=\"2025-12-23\">",
    +         "impact": "critical",
    +         "none": Array [],
    +         "target": Array [
    +           "input[value=\"2025-12-23\"]",
    +         ],
    +       },
    +       Object {
    +         "all": Array [],
    +         "any": Array [
    +           Object {
    +             "data": null,
    +             "id": "implicit-label",
    +             "impact": "critical",
    +             "message": "Element does not have an implicit (wrapped) <label>",
    +             "relatedNodes": Array [],
    +           },
    +           Object {
    +             "data": null,
    +             "id": "explicit-label",
    +             "impact": "critical",
    +             "message": "Element does not have an explicit <label>",
    +             "relatedNodes": Array [],
    +           },
    +           Object {
    +             "data": null,
    +             "id": "aria-label",
    +             "impact": "critical",
    +             "message": "aria-label attribute does not exist or is empty",
    +             "relatedNodes": Array [],
    +           },
    +           Object {
    +             "data": null,
    +             "id": "aria-labelledby",
    +             "impact": "critical",
    +             "message": "aria-labelledby attribute does not exist, references elements that do not exist or references elements that are empty",
    +             "relatedNodes": Array [],
    +           },
    +           Object {
    +             "data": Object {
    +               "messageKey": "noAttr",
    +             },
    +             "id": "non-empty-title",
    +             "impact": "critical",
    +             "message": "Element has no title attribute",
    +             "relatedNodes": Array [],
    +           },
    +           Object {
    +             "data": Object {
    +               "messageKey": "noAttr",
    +             },
    +             "id": "non-empty-placeholder",
    +             "impact": "critical",
    +             "message": "Element has no placeholder attribute",
    +             "relatedNodes": Array [],
    +           },
    +           Object {
    +             "data": null,
    +             "id": "presentational-role",
    +             "impact": "critical",
    +             "message": "Element's default semantics were not overridden with role=\"none\" or role=\"presentation\"",
    +             "relatedNodes": Array [],
    +           },
    +         ],
    +         "failureSummary": "Fix any of the following:
    +   Element does not have an implicit (wrapped) <label>
    +   Element does not have an explicit <label>
    +   aria-label attribute does not exist or is empty
    +   aria-labelledby attribute does not exist, references elements that do not exist or references elements that are empty
    +   Element has no title attribute
    +   Element has no placeholder attribute
    +   Element's default semantics were not overridden with role=\"none\" or role=\"presentation\"",
    +         "html": "<input type=\"date\" class=\"w-full px-3 py-2 text-sm border border-gray-300 dark:border-gray-600 bg-white dark:bg-gray-700 text-gray-900 dark:text-white rounded-lg focus:ring-2 focus:ring-blue-500 focus:border-transparent\" value=\"2026-01-23\">",
    +         "impact": "critical",
    +         "none": Array [],
    +         "target": Array [
    +           "input[value=\"2026-01-23\"]",
    +         ],
    +       },
    +     ],
    +     "tags": Array [
    +       "cat.forms",
    +       "wcag2a",
    +       "wcag412",
    +       "section508",
    +       "section508.22.n",
    +       "TTv5",
    +       "TT5.c",
    +       "EN-301-549",
    +       "EN-9.4.1.2",
    +       "ACT",
    +       "RGAAv4",
    +       "RGAA-11.1.1",
    +     ],
    +   },
    +   Object {
    +     "description": "Ensure select element has an accessible name",
    +     "help": "Select element must have an accessible name",
    +     "helpUrl": "https://dequeuniversity.com/rules/axe/4.11/select-name?application=playwright",
    +     "id": "select-name",
    +     "impact": "critical",
    +     "nodes": Array [
    +       Object {
    +         "all": Array [],
    +         "any": Array [
    +           Object {
    +             "data": null,
    +             "id": "implicit-label",
    +             "impact": "critical",
    +             "message": "Element does not have an implicit (wrapped) <label>",
    +             "relatedNodes": Array [],
    +           },
    +           Object {
    +             "data": null,
    +             "id": "explicit-label",
    +             "impact": "critical",
    +             "message": "Element does not have an explicit <label>",
    +             "relatedNodes": Array [],
    +           },
    +           Object {
    +             "data": null,
    +             "id": "aria-label",
    +             "impact": "critical",
    +             "message": "aria-label attribute does not exist or is empty",
    +             "relatedNodes": Array [],
    +           },
    +           Object {
    +             "data": null,
    +             "id": "aria-labelledby",
    +             "impact": "critical",
    +             "message": "aria-labelledby attribute does not exist, references elements that do not exist or references elements that are empty",
    +             "relatedNodes": Array [],
    +           },
    +           Object {
    +             "data": Object {
    +               "messageKey": "noAttr",
    +             },
    +             "id": "non-empty-title",
    +             "impact": "critical",
    +             "message": "Element has no title attribute",
    +             "relatedNodes": Array [],
    +           },
    +           Object {
    +             "data": null,
    +             "id": "presentational-role",
    +             "impact": "critical",
    +             "message": "Element's default semantics were not overridden with role=\"none\" or role=\"presentation\"",
    +             "relatedNodes": Array [],
    +           },
    +         ],
    +         "failureSummary": "Fix any of the following:
    +   Element does not have an implicit (wrapped) <label>
    +   Element does not have an explicit <label>
    +   aria-label attribute does not exist or is empty
    +   aria-labelledby attribute does not exist, references elements that do not exist or references elements that are empty
    +   Element has no title attribute
    +   Element's default semantics were not overridden with role=\"none\" or role=\"presentation\"",
    +         "html": "<select class=\"w-full px-3 py-2 text-sm border border-gray-300 dark:border-gray-600 bg-white dark:bg-gray-700 text-gray-900 dark:text-white rounded-lg focus:ring-2 focus:ring-blue-500 focus:border-transparent\">",
    +         "impact": "critical",
    +         "none": Array [],
    +         "target": Array [
    +           "div:nth-child(2) > select",
    +         ],
    +       },
    +       Object {
    +         "all": Array [],
    +         "any": Array [
    +           Object {
    +             "data": null,
    +             "id": "implicit-label",
    +             "impact": "critical",
    +             "message": "Element does not have an implicit (wrapped) <label>",
    +             "relatedNodes": Array [],
    +           },
    +           Object {
    +             "data": null,
    +             "id": "explicit-label",
    +             "impact": "critical",
    +             "message": "Element does not have an explicit <label>",
    +             "relatedNodes": Array [],
    +           },
    +           Object {
    +             "data": null,
    +             "id": "aria-label",
    +             "impact": "critical",
    +             "message": "aria-label attribute does not exist or is empty",
    +             "relatedNodes": Array [],
    +           },
    +           Object {
    +             "data": null,
    +             "id": "aria-labelledby",
    +             "impact": "critical",
    +             "message": "aria-labelledby attribute does not exist, references elements that do not exist or references elements that are empty",
    +             "relatedNodes": Array [],
    +           },
    +           Object {
    +             "data": Object {
    +               "messageKey": "noAttr",
    +             },
    +             "id": "non-empty-title",
    +             "impact": "critical",
    +             "message": "Element has no title attribute",
    +             "relatedNodes": Array [],
    +           },
    +           Object {
    +             "data": null,
    +             "id": "presentational-role",
    +             "impact": "critical",
    +             "message": "Element's default semantics were not overridden with role=\"none\" or role=\"presentation\"",
    +             "relatedNodes": Array [],
    +           },
    +         ],
    +         "failureSummary": "Fix any of the following:
    +   Element does not have an implicit (wrapped) <label>
    +   Element does not have an explicit <label>
    +   aria-label attribute does not exist or is empty
    +   aria-labelledby attribute does not exist, references elements that do not exist or references elements that are empty
    +   Element has no title attribute
    +   Element's default semantics were not overridden with role=\"none\" or role=\"presentation\"",
    +         "html": "<select class=\"w-full px-3 py-2 text-sm border border-gray-300 dark:border-gray-600 bg-white dark:bg-gray-700 text-gray-900 dark:text-white rounded-lg focus:ring-2 focus:ring-blue-500 focus:border-transparent\">",
    +         "impact": "critical",
    +         "none": Array [],
    +         "target": Array [
    +           "div:nth-child(3) > select",
    +         ],
    +       },
    +       Object {
    +         "all": Array [],
    +         "any": Array [
    +           Object {
    +             "data": null,
    +             "id": "implicit-label",
    +             "impact": "critical",
    +             "message": "Element does not have an implicit (wrapped) <label>",
    +             "relatedNodes": Array [],
    +           },
    +           Object {
    +             "data": null,
    +             "id": "explicit-label",
    +             "impact": "critical",
    +             "message": "Element does not have an explicit <label>",
    +             "relatedNodes": Array [],
    +           },
    +           Object {
    +             "data": null,
    +             "id": "aria-label",
    +             "impact": "critical",
    +             "message": "aria-label attribute does not exist or is empty",
    +             "relatedNodes": Array [],
    +           },
    +           Object {
    +             "data": null,
    +             "id": "aria-labelledby",
    +             "impact": "critical",
    +             "message": "aria-labelledby attribute does not exist, references elements that do not exist or references elements that are empty",
    +             "relatedNodes": Array [],
    +           },
    +           Object {
    +             "data": Object {
    +               "messageKey": "noAttr",
    +             },
    +             "id": "non-empty-title",
    +             "impact": "critical",
    +             "message": "Element has no title attribute",
    +             "relatedNodes": Array [],
    +           },
    +           Object {
    +             "data": null,
    +             "id": "presentational-role",
    +             "impact": "critical",
    +             "message": "Element's default semantics were not overridden with role=\"none\" or role=\"presentation\"",
    +             "relatedNodes": Array [],
    +           },
    +         ],
    +         "failureSummary": "Fix any of the following:
    +   Element does not have an implicit (wrapped) <label>
    +   Element does not have an explicit <label>
    +   aria-label attribute does not exist or is empty
    +   aria-labelledby attribute does not exist, references elements that do not exist or references elements that are empty
    +   Element has no title attribute
    +   Element's default semantics were not overridden with role=\"none\" or role=\"presentation\"",
    +         "html": "<select class=\"w-full px-3 py-2 text-sm border border-gray-300 dark:border-gray-600 bg-white dark:bg-gray-700 text-gray-900 dark:text-white rounded-lg focus:ring-2 focus:ring-blue-500 focus:border-transparent\">",
    +         "impact": "critical",
    +         "none": Array [],
    +         "target": Array [
    +           "div:nth-child(4) > select",
    +         ],
    +       },
    +     ],
    +     "tags": Array [
    +       "cat.forms",
    +       "wcag2a",
    +       "wcag412",
    +       "section508",
    +       "section508.22.n",
    +       "TTv5",
    +       "TT5.c",
    +       "EN-301-549",
    +       "EN-9.4.1.2",
    +       "ACT",
    +       "RGAAv4",
    +       "RGAA-11.1.1",
    +     ],
    +   },
    + ]

      200 |     )
      201 |     
    > 202 |     expect(criticalViolations).toEqual([])
          |                                ^
      203 |   })
      204 | })
      205 |
        at /Users/dsahanovici/CURSOR_AI_DEMO/qa-automation/tests/e2e/frontend/accessibility.spec.ts:202:32

    attachment #1: screenshot (image/png) ──────────────────────────────────────────────────────────
    ../../../../test-results/accessibility-Accessibilit-9f473-ve-accessibility-violations-chromium/test-failed-1.png
    ────────────────────────────────────────────────────────────────────────────────────────────────

    attachment #2: video (video/webm) ──────────────────────────────────────────────────────────────
    ../../../../test-results/accessibility-Accessibilit-9f473-ve-accessibility-violations-chromium/video-1.webm
    ────────────────────────────────────────────────────────────────────────────────────────────────

    attachment #3: video (video/webm) ──────────────────────────────────────────────────────────────
    ../../../../test-results/accessibility-Accessibilit-9f473-ve-accessibility-violations-chromium/video.webm
    ────────────────────────────────────────────────────────────────────────────────────────────────

    Error Context: ../../../../test-results/accessibility-Accessibilit-9f473-ve-accessibility-violations-chromium/error-context.md
]]>
</failure>
<system-out>
<![CDATA[
[[ATTACHMENT|accessibility-Accessibilit-9f473-ve-accessibility-violations-chromium/test-failed-1.png]]

[[ATTACHMENT|accessibility-Accessibilit-9f473-ve-accessibility-violations-chromium/video-1.webm]]

[[ATTACHMENT|accessibility-Accessibilit-9f473-ve-accessibility-violations-chromium/video.webm]]

[[ATTACHMENT|accessibility-Accessibilit-9f473-ve-accessibility-violations-chromium/error-context.md]]
]]>
</system-out>
</testcase>
<testcase name="Accessibility - Navigation › sidebar should be accessible" classname="accessibility.spec.ts" time="0.416">
</testcase>
<testcase name="Accessibility - Navigation › should have skip to main content link" classname="accessibility.spec.ts" time="0.433">
</testcase>
</testsuite>
<testsuite name="auth.spec.ts" timestamp="2026-01-23T13:20:25.002Z" hostname="chromium" tests="28" failures="2" skipped="0" time="18.874" errors="0">
<testcase name="Authentication Tests - User Registration › should display registration form" classname="auth.spec.ts" time="1.05">
</testcase>
<testcase name="Authentication Tests - User Registration › should validate registration form fields" classname="auth.spec.ts" time="0.476">
</testcase>
<testcase name="Authentication Tests - User Registration › should register new user with valid data" classname="auth.spec.ts" time="1.154">
</testcase>
<testcase name="Authentication Tests - User Registration › should show error for duplicate email" classname="auth.spec.ts" time="0.308">
</testcase>
<testcase name="Authentication Tests - User Registration › should require strong password" classname="auth.spec.ts" time="0.305">
</testcase>
<testcase name="Authentication Tests - User Registration › should validate email format" classname="auth.spec.ts" time="0.321">
</testcase>
<testcase name="Authentication Tests - Login › should display login state" classname="auth.spec.ts" time="0.392">
</testcase>
<testcase name="Authentication Tests - Login › should login with valid credentials" classname="auth.spec.ts" time="0.421">
</testcase>
<testcase name="Authentication Tests - Login › should reject login with invalid email" classname="auth.spec.ts" time="0.411">
</testcase>
<testcase name="Authentication Tests - Login › should reject login with incorrect password" classname="auth.spec.ts" time="0.53">
</testcase>
<testcase name="Authentication Tests - Login › should reject login with non-existent user" classname="auth.spec.ts" time="0.381">
</testcase>
<testcase name="Authentication Tests - Login › should show password visibility toggle" classname="auth.spec.ts" time="0.456">
</testcase>
<testcase name="Authentication Tests - Login › should handle case-sensitive passwords" classname="auth.spec.ts" time="0.439">
</testcase>
<testcase name="Authentication Tests - Login › should show loading state during login" classname="auth.spec.ts" time="0.454">
</testcase>
<testcase name="Authentication Tests - Login › should show user information" classname="auth.spec.ts" time="0.557">
</testcase>
<testcase name="Authentication Tests - Login › should navigate to profile settings" classname="auth.spec.ts" time="0.757">
</testcase>
<testcase name="Authentication Tests - Login › should logout successfully" classname="auth.spec.ts" time="0.838">
</testcase>
<testcase name="Authentication Tests - Login › should show logout button in mobile menu" classname="auth.spec.ts" time="1.206">
</testcase>
<testcase name="Authentication Tests - Session Persistence › should persist session after page reload" classname="auth.spec.ts" time="2.097">
<failure message="auth.spec.ts:212:3 should persist session after page reload" type="FAILURE">
<![CDATA[  [chromium] › auth.spec.ts:212:3 › Authentication Tests - Session Persistence › should persist session after page reload 

    Error: expect(received).toBeTruthy()

    Received: false

      229 |     // On mobile, user menu might be in different location
      230 |     const userMenuExists = await page.locator('[aria-label="User menu"]').count() > 0
    > 231 |     expect(userMenuExists).toBeTruthy()
          |                            ^
      232 |   })
      233 |
      234 |   test('should persist session in localStorage', async ({ page }) => {
        at /Users/dsahanovici/CURSOR_AI_DEMO/qa-automation/tests/e2e/frontend/auth.spec.ts:231:28

    attachment #1: screenshot (image/png) ──────────────────────────────────────────────────────────
    ../../../../test-results/auth-Authentication-Tests--e6fb9-t-session-after-page-reload-chromium/test-failed-1.png
    ────────────────────────────────────────────────────────────────────────────────────────────────

    attachment #2: video (video/webm) ──────────────────────────────────────────────────────────────
    ../../../../test-results/auth-Authentication-Tests--e6fb9-t-session-after-page-reload-chromium/video.webm
    ────────────────────────────────────────────────────────────────────────────────────────────────

    Error Context: ../../../../test-results/auth-Authentication-Tests--e6fb9-t-session-after-page-reload-chromium/error-context.md
]]>
</failure>
<system-out>
<![CDATA[
[[ATTACHMENT|auth-Authentication-Tests--e6fb9-t-session-after-page-reload-chromium/test-failed-1.png]]

[[ATTACHMENT|auth-Authentication-Tests--e6fb9-t-session-after-page-reload-chromium/video.webm]]

[[ATTACHMENT|auth-Authentication-Tests--e6fb9-t-session-after-page-reload-chromium/error-context.md]]
]]>
</system-out>
</testcase>
<testcase name="Authentication Tests - Session Persistence › should persist session in localStorage" classname="auth.spec.ts" time="0.466">
</testcase>
<testcase name="Authentication Tests - Session Persistence › should maintain session across tabs" classname="auth.spec.ts" time="0.668">
</testcase>
<testcase name="Authentication Tests - Session Persistence › should clear session on logout" classname="auth.spec.ts" time="0.986">
</testcase>
<testcase name="Authentication Tests - Session Persistence › should handle session expiration" classname="auth.spec.ts" time="0.442">
</testcase>
<testcase name="Authentication Tests - Session Persistence › should refresh session on activity" classname="auth.spec.ts" time="1.299">
<failure message="auth.spec.ts:298:3 should refresh session on activity" type="FAILURE">
<![CDATA[  [chromium] › auth.spec.ts:298:3 › Authentication Tests - Session Persistence › should refresh session on activity 

    Error: expect(received).toBeTruthy()

    Received: false

      315 |     // Session should still be active
      316 |     const profileDropdownExists = await page.locator('[aria-label="User menu"]').count() > 0
    > 317 |     expect(profileDropdownExists).toBeTruthy()
          |                                   ^
      318 |   })
      319 |
      320 |   test('should remember "Remember Me" preference', async ({ page }) => {
        at /Users/dsahanovici/CURSOR_AI_DEMO/qa-automation/tests/e2e/frontend/auth.spec.ts:317:35

    attachment #1: screenshot (image/png) ──────────────────────────────────────────────────────────
    ../../../../test-results/auth-Authentication-Tests--e7c48-refresh-session-on-activity-chromium/test-failed-1.png
    ────────────────────────────────────────────────────────────────────────────────────────────────

    attachment #2: video (video/webm) ──────────────────────────────────────────────────────────────
    ../../../../test-results/auth-Authentication-Tests--e7c48-refresh-session-on-activity-chromium/video.webm
    ────────────────────────────────────────────────────────────────────────────────────────────────

    Error Context: ../../../../test-results/auth-Authentication-Tests--e7c48-refresh-session-on-activity-chromium/error-context.md
]]>
</failure>
<system-out>
<![CDATA[
[[ATTACHMENT|auth-Authentication-Tests--e7c48-refresh-session-on-activity-chromium/test-failed-1.png]]

[[ATTACHMENT|auth-Authentication-Tests--e7c48-refresh-session-on-activity-chromium/video.webm]]

[[ATTACHMENT|auth-Authentication-Tests--e7c48-refresh-session-on-activity-chromium/error-context.md]]
]]>
</system-out>
</testcase>
<testcase name="Authentication Tests - Session Persistence › should remember &quot;Remember Me&quot; preference" classname="auth.spec.ts" time="0.366">
</testcase>
<testcase name="Authentication Tests - Session Persistence › should handle concurrent sessions" classname="auth.spec.ts" time="0.53">
</testcase>
<testcase name="Authentication Tests - Session Persistence › should restore user preferences from session" classname="auth.spec.ts" time="1.21">
</testcase>
<testcase name="Error Handling - Authentication › should handle missing user gracefully" classname="auth.spec.ts" time="0.354">
</testcase>
</testsuite>
<testsuite name="error-handling.spec.ts" timestamp="2026-01-23T13:20:25.002Z" hostname="chromium" tests="22" failures="0" skipped="0" time="20.745" errors="0">
<testcase name="Error Handling Tests › should handle network errors gracefully" classname="error-handling.spec.ts" time="0.272">
</testcase>
<testcase name="Error Handling Tests › should handle missing data gracefully" classname="error-handling.spec.ts" time="0.383">
</testcase>
<testcase name="Error Handling Tests › should handle malformed data" classname="error-handling.spec.ts" time="0.331">
</testcase>
<testcase name="Error Handling Tests › should handle console errors gracefully" classname="error-handling.spec.ts" time="1.066">
</testcase>
<testcase name="Error Handling Tests › should handle page navigation errors" classname="error-handling.spec.ts" time="0.461">
</testcase>
<testcase name="Error Handling Tests › should handle rapid navigation" classname="error-handling.spec.ts" time="0.5">
</testcase>
<testcase name="Error Handling Tests › should handle invalid viewport sizes" classname="error-handling.spec.ts" time="0.391">
</testcase>
<testcase name="Error Handling Tests › should handle missing images gracefully" classname="error-handling.spec.ts" time="1.102">
</testcase>
<testcase name="Error Handling Tests › should handle localStorage errors" classname="error-handling.spec.ts" time="0.389">
</testcase>
<testcase name="Error Handling Tests › should handle dark mode toggle errors" classname="error-handling.spec.ts" time="0.657">
</testcase>
<testcase name="Error Handling Tests › should handle sidebar toggle errors" classname="error-handling.spec.ts" time="1.993">
</testcase>
<testcase name="Error Handling Tests › should handle filter changes gracefully" classname="error-handling.spec.ts" time="0.713">
</testcase>
<testcase name="Error Handling Tests › should handle table sorting errors" classname="error-handling.spec.ts" time="1.531">
</testcase>
<testcase name="Error Handling Tests › should handle pagination errors" classname="error-handling.spec.ts" time="1.428">
</testcase>
<testcase name="Error Handling Tests › should recover from JavaScript errors" classname="error-handling.spec.ts" time="2.161">
</testcase>
<testcase name="Error Handling Tests › should handle search functionality errors" classname="error-handling.spec.ts" time="0.314">
</testcase>
<testcase name="Error Handling Tests › should handle notification errors" classname="error-handling.spec.ts" time="0.34">
</testcase>
<testcase name="Error Handling - Forms › should handle empty form submission" classname="error-handling.spec.ts" time="1.097">
</testcase>
<testcase name="Error Handling - Forms › should handle invalid date ranges" classname="error-handling.spec.ts" time="1.413">
</testcase>
<testcase name="Error Handling - UI Components › should handle dropdown errors" classname="error-handling.spec.ts" time="1.079">
</testcase>
<testcase name="Error Handling - UI Components › should handle tooltip errors" classname="error-handling.spec.ts" time="2.449">
</testcase>
<testcase name="Error Handling - UI Components › should handle modal errors" classname="error-handling.spec.ts" time="0.675">
</testcase>
</testsuite>
<testsuite name="navigation.spec.ts" timestamp="2026-01-23T13:20:25.002Z" hostname="chromium" tests="19" failures="1" skipped="0" time="26.445" errors="0">
<testcase name="Navigation Tests › should navigate between pages" classname="navigation.spec.ts" time="1.054">
</testcase>
<testcase name="Navigation Tests › should maintain state when navigating" classname="navigation.spec.ts" time="1.446">
</testcase>
<testcase name="Navigation Tests › should handle rapid navigation" classname="navigation.spec.ts" time="2.043">
</testcase>
<testcase name="Navigation Tests › should navigate using keyboard" classname="navigation.spec.ts" time="1.682">
</testcase>
<testcase name="Navigation Tests › should show active page indicator" classname="navigation.spec.ts" time="1.697">
</testcase>
<testcase name="Navigation Tests › should navigate from sidebar on desktop" classname="navigation.spec.ts" time="1.465">
</testcase>
<testcase name="Navigation Tests › should navigate from mobile menu" classname="navigation.spec.ts" time="1.509">
</testcase>
<testcase name="Navigation Tests › should handle browser back button" classname="navigation.spec.ts" time="2.016">
</testcase>
<testcase name="Navigation Tests › should handle browser forward button" classname="navigation.spec.ts" time="2.113">
</testcase>
<testcase name="Navigation Tests › should preserve scroll position on back navigation" classname="navigation.spec.ts" time="2.483">
</testcase>
<testcase name="Breadcrumb Navigation › should display breadcrumb trail" classname="navigation.spec.ts" time="1.022">
</testcase>
<testcase name="Breadcrumb Navigation › should show current page in navigation" classname="navigation.spec.ts" time="0.717">
</testcase>
<testcase name="Breadcrumb Navigation › should update page title on navigation" classname="navigation.spec.ts" time="1.2">
</testcase>
<testcase name="Navigation - Error Handling › should handle invalid routes gracefully" classname="navigation.spec.ts" time="0.222">
</testcase>
<testcase name="Navigation - Error Handling › should handle navigation during loading" classname="navigation.spec.ts" time="1.359">
</testcase>
<testcase name="Navigation - Error Handling › should handle navigation with network issues" classname="navigation.spec.ts" time="1.351">
</testcase>
<testcase name="Navigation - Accessibility › should have accessible navigation landmark" classname="navigation.spec.ts" time="0.763">
<failure message="navigation.spec.ts:288:3 should have accessible navigation landmark" type="FAILURE">
<![CDATA[  [chromium] › navigation.spec.ts:288:3 › Navigation - Accessibility › should have accessible navigation landmark 

    Error: expect(received).toBeGreaterThanOrEqual(expected)

    Expected: >= 1
    Received:    0

      296 |     // Check for navigation role
      297 |     const navRole = page.locator('[role="navigation"]')
    > 298 |     expect(await navRole.count()).toBeGreaterThanOrEqual(1)
          |                                   ^
      299 |   })
      300 |
      301 |   test('should have skip navigation link', async ({ page }) => {
        at /Users/dsahanovici/CURSOR_AI_DEMO/qa-automation/tests/e2e/frontend/navigation.spec.ts:298:35

    attachment #1: screenshot (image/png) ──────────────────────────────────────────────────────────
    ../../../../test-results/navigation-Navigation---Ac-c92fc-essible-navigation-landmark-chromium/test-failed-1.png
    ────────────────────────────────────────────────────────────────────────────────────────────────

    attachment #2: video (video/webm) ──────────────────────────────────────────────────────────────
    ../../../../test-results/navigation-Navigation---Ac-c92fc-essible-navigation-landmark-chromium/video.webm
    ────────────────────────────────────────────────────────────────────────────────────────────────

    Error Context: ../../../../test-results/navigation-Navigation---Ac-c92fc-essible-navigation-landmark-chromium/error-context.md
]]>
</failure>
<system-out>
<![CDATA[
[[ATTACHMENT|navigation-Navigation---Ac-c92fc-essible-navigation-landmark-chromium/test-failed-1.png]]

[[ATTACHMENT|navigation-Navigation---Ac-c92fc-essible-navigation-landmark-chromium/video.webm]]

[[ATTACHMENT|navigation-Navigation---Ac-c92fc-essible-navigation-landmark-chromium/error-context.md]]
]]>
</system-out>
</testcase>
<testcase name="Navigation - Accessibility › should have skip navigation link" classname="navigation.spec.ts" time="0.448">
</testcase>
<testcase name="Navigation - Accessibility › should announce page changes to screen readers" classname="navigation.spec.ts" time="1.855">
</testcase>
</testsuite>
<testsuite name="product-search.spec.ts" timestamp="2026-01-23T13:20:25.002Z" hostname="chromium" tests="47" failures="2" skipped="0" time="130.88" errors="0">
<testcase name="Product Search &amp; Filter Tests › Initial Page Load › should display all products on initial load" classname="product-search.spec.ts" time="1.572">
</testcase>
<testcase name="Product Search &amp; Filter Tests › Initial Page Load › should display filter options" classname="product-search.spec.ts" time="2.008">
</testcase>
<testcase name="Product Search &amp; Filter Tests › Initial Page Load › should display sort dropdown" classname="product-search.spec.ts" time="1.197">
</testcase>
<testcase name="Product Search &amp; Filter Tests › Initial Page Load › should display cart counter" classname="product-search.spec.ts" time="1.431">
</testcase>
<testcase name="Product Search &amp; Filter Tests › Category Filtering › should filter products by &quot;On Sale&quot;" classname="product-search.spec.ts" time="2.21">
</testcase>
<testcase name="Product Search &amp; Filter Tests › Category Filtering › should filter products by &quot;Bestsellers&quot;" classname="product-search.spec.ts" time="1.877">
</testcase>
<testcase name="Product Search &amp; Filter Tests › Category Filtering › should filter products by &quot;New Arrivals&quot;" classname="product-search.spec.ts" time="1.882">
</testcase>
<testcase name="Product Search &amp; Filter Tests › Category Filtering › should filter products by &quot;In Stock&quot;" classname="product-search.spec.ts" time="1.636">
</testcase>
<testcase name="Product Search &amp; Filter Tests › Category Filtering › should reset filter when clicking &quot;All Products&quot;" classname="product-search.spec.ts" time="2.35">
</testcase>
<testcase name="Product Search &amp; Filter Tests › Category Filtering › should maintain only one active filter at a time" classname="product-search.spec.ts" time="1.97">
</testcase>
<testcase name="Product Search &amp; Filter Tests › Sort Functionality › should sort products by &quot;Price: Low to High&quot;" classname="product-search.spec.ts" time="1.657">
</testcase>
<testcase name="Product Search &amp; Filter Tests › Sort Functionality › should sort products by &quot;Price: High to Low&quot;" classname="product-search.spec.ts" time="1.599">
</testcase>
<testcase name="Product Search &amp; Filter Tests › Sort Functionality › should sort products by &quot;Highest Rated&quot;" classname="product-search.spec.ts" time="1.803">
</testcase>
<testcase name="Product Search &amp; Filter Tests › Sort Functionality › should maintain sort when changing filters" classname="product-search.spec.ts" time="1.842">
</testcase>
<testcase name="Product Search &amp; Filter Tests › Sort Functionality › should reset to featured sort" classname="product-search.spec.ts" time="1.758">
</testcase>
<testcase name="Product Search &amp; Filter Tests › Combined Filters and Sort › should apply filter and sort together" classname="product-search.spec.ts" time="1.785">
</testcase>
<testcase name="Product Search &amp; Filter Tests › Combined Filters and Sort › should update count when combining filters" classname="product-search.spec.ts" time="1.413">
</testcase>
<testcase name="Product Search &amp; Filter Tests › Empty Results State › should show empty state when no products match filter" classname="product-search.spec.ts" time="1.433">
</testcase>
<testcase name="Product Search &amp; Filter Tests › Empty Results State › should reset filters from empty state" classname="product-search.spec.ts" time="1.421">
</testcase>
<testcase name="Product Search &amp; Filter Tests › Empty Results State › should show appropriate empty state icon" classname="product-search.spec.ts" time="1.482">
</testcase>
<testcase name="Product Search &amp; Filter Tests › Product Card Interactions › should add product to cart" classname="product-search.spec.ts" time="7.768">
<failure message="product-search.spec.ts:336:5 should add product to cart" type="FAILURE">
<![CDATA[  [chromium] › product-search.spec.ts:336:5 › Product Search & Filter Tests › Product Card Interactions › should add product to cart 

    Error: expect(locator).toHaveText(expected) failed

    Locator:  locator('span.bg-red-500').first()
    Expected: "1"
    Received: "-29%"
    Timeout:  5000ms

    Call log:
      - Expect "toHaveText" with timeout 5000ms
      - waiting for locator('span.bg-red-500').first()
        9 × locator resolved to <span class="bg-red-500 text-white text-xs font-bold px-3 py-1 rounded-full shadow-md">-29%</span>
          - unexpected value "-29%"


      348 |       const cartBadge = page.locator('span.bg-red-500').first()
      349 |       await expect(cartBadge).toBeVisible()
    > 350 |       await expect(cartBadge).toHaveText('1')
          |                               ^
      351 |     })
      352 |
      353 |     test('should add multiple products to cart', async ({ page }) => {
        at /Users/dsahanovici/CURSOR_AI_DEMO/qa-automation/tests/e2e/frontend/product-search.spec.ts:350:31

    attachment #1: screenshot (image/png) ──────────────────────────────────────────────────────────
    ../../../../test-results/product-search-Product-Sea-45b94--should-add-product-to-cart-chromium/test-failed-1.png
    ────────────────────────────────────────────────────────────────────────────────────────────────

    attachment #2: video (video/webm) ──────────────────────────────────────────────────────────────
    ../../../../test-results/product-search-Product-Sea-45b94--should-add-product-to-cart-chromium/video.webm
    ────────────────────────────────────────────────────────────────────────────────────────────────

    Error Context: ../../../../test-results/product-search-Product-Sea-45b94--should-add-product-to-cart-chromium/error-context.md
]]>
</failure>
<system-out>
<![CDATA[
[[ATTACHMENT|product-search-Product-Sea-45b94--should-add-product-to-cart-chromium/test-failed-1.png]]

[[ATTACHMENT|product-search-Product-Sea-45b94--should-add-product-to-cart-chromium/video.webm]]

[[ATTACHMENT|product-search-Product-Sea-45b94--should-add-product-to-cart-chromium/error-context.md]]
]]>
</system-out>
</testcase>
<testcase name="Product Search &amp; Filter Tests › Product Card Interactions › should add multiple products to cart" classname="product-search.spec.ts" time="8.494">
<failure message="product-search.spec.ts:353:5 should add multiple products to cart" type="FAILURE">
<![CDATA[  [chromium] › product-search.spec.ts:353:5 › Product Search & Filter Tests › Product Card Interactions › should add multiple products to cart 

    Error: expect(locator).toHaveText(expected) failed

    Locator:  locator('span.bg-red-500').first()
    Expected: "2"
    Received: "-29%"
    Timeout:  5000ms

    Call log:
      - Expect "toHaveText" with timeout 5000ms
      - waiting for locator('span.bg-red-500').first()
        9 × locator resolved to <span class="bg-red-500 text-white text-xs font-bold px-3 py-1 rounded-full shadow-md">-29%</span>
          - unexpected value "-29%"


      365 |       // Verify cart count
      366 |       const cartBadge = page.locator('span.bg-red-500').first()
    > 367 |       await expect(cartBadge).toHaveText('2')
          |                               ^
      368 |     })
      369 |
      370 |     test('should show loading state when adding to cart', async ({ page }) => {
        at /Users/dsahanovici/CURSOR_AI_DEMO/qa-automation/tests/e2e/frontend/product-search.spec.ts:367:31

    attachment #1: screenshot (image/png) ──────────────────────────────────────────────────────────
    ../../../../test-results/product-search-Product-Sea-47eef-d-multiple-products-to-cart-chromium/test-failed-1.png
    ────────────────────────────────────────────────────────────────────────────────────────────────

    attachment #2: video (video/webm) ──────────────────────────────────────────────────────────────
    ../../../../test-results/product-search-Product-Sea-47eef-d-multiple-products-to-cart-chromium/video.webm
    ────────────────────────────────────────────────────────────────────────────────────────────────

    Error Context: ../../../../test-results/product-search-Product-Sea-47eef-d-multiple-products-to-cart-chromium/error-context.md
]]>
</failure>
<system-out>
<![CDATA[
[[ATTACHMENT|product-search-Product-Sea-47eef-d-multiple-products-to-cart-chromium/test-failed-1.png]]

[[ATTACHMENT|product-search-Product-Sea-47eef-d-multiple-products-to-cart-chromium/video.webm]]

[[ATTACHMENT|product-search-Product-Sea-47eef-d-multiple-products-to-cart-chromium/error-context.md]]
]]>
</system-out>
</testcase>
<testcase name="Product Search &amp; Filter Tests › Product Card Interactions › should show loading state when adding to cart" classname="product-search.spec.ts" time="10.455">
</testcase>
<testcase name="Product Search &amp; Filter Tests › Product Card Interactions › should toggle favorite on product" classname="product-search.spec.ts" time="2.494">
</testcase>
<testcase name="Product Search &amp; Filter Tests › Product Card Interactions › should show quick view on hover" classname="product-search.spec.ts" time="7.321">
</testcase>
<testcase name="Product Search &amp; Filter Tests › Product Information Display › should display product title and description" classname="product-search.spec.ts" time="5.716">
</testcase>
<testcase name="Product Search &amp; Filter Tests › Product Information Display › should display product price" classname="product-search.spec.ts" time="1.557">
</testcase>
<testcase name="Product Search &amp; Filter Tests › Product Information Display › should display product rating" classname="product-search.spec.ts" time="5.46">
</testcase>
<testcase name="Product Search &amp; Filter Tests › Product Information Display › should display sale badge on sale items" classname="product-search.spec.ts" time="6.435">
</testcase>
<testcase name="Product Search &amp; Filter Tests › Product Information Display › should display product images" classname="product-search.spec.ts" time="1.981">
</testcase>
<testcase name="Product Search &amp; Filter Tests › Responsive Behavior › should display products in grid on desktop" classname="product-search.spec.ts" time="1.776">
</testcase>
<testcase name="Product Search &amp; Filter Tests › Responsive Behavior › should display products in grid on tablet" classname="product-search.spec.ts" time="1.594">
</testcase>
<testcase name="Product Search &amp; Filter Tests › Responsive Behavior › should display products in single column on mobile" classname="product-search.spec.ts" time="1.564">
</testcase>
<testcase name="Product Search &amp; Filter Tests › Responsive Behavior › should show filter buttons on mobile" classname="product-search.spec.ts" time="1.964">
</testcase>
<testcase name="Product Search &amp; Filter Tests › Performance and Loading › should load products quickly" classname="product-search.spec.ts" time="1.371">
</testcase>
<testcase name="Product Search &amp; Filter Tests › Performance and Loading › should filter products without page reload" classname="product-search.spec.ts" time="2.162">
</testcase>
<testcase name="Product Search &amp; Filter Tests › Performance and Loading › should sort products without page reload" classname="product-search.spec.ts" time="2.447">
</testcase>
<testcase name="Product Search &amp; Filter Tests › Error Handling › should handle missing product images gracefully" classname="product-search.spec.ts" time="1.372">
</testcase>
<testcase name="Product Search &amp; Filter Tests › Error Handling › should handle rapid filter changes" classname="product-search.spec.ts" time="4.9">
</testcase>
<testcase name="Product Search &amp; Filter Tests › Error Handling › should handle rapid sort changes" classname="product-search.spec.ts" time="6.961">
</testcase>
<testcase name="Product Search &amp; Filter Tests › Error Handling › should handle simultaneous filter and sort changes" classname="product-search.spec.ts" time="2.113">
</testcase>
<testcase name="Product Search &amp; Filter Tests › Accessibility › should have accessible filter buttons" classname="product-search.spec.ts" time="2.822">
</testcase>
<testcase name="Product Search &amp; Filter Tests › Accessibility › should have accessible sort dropdown" classname="product-search.spec.ts" time="1.265">
</testcase>
<testcase name="Product Search &amp; Filter Tests › Accessibility › should have accessible product cards" classname="product-search.spec.ts" time="1.216">
</testcase>
<testcase name="Product Search &amp; Filter Tests › Accessibility › should announce filter changes to screen readers" classname="product-search.spec.ts" time="1.78">
</testcase>
<testcase name="Product Search &amp; Filter Tests › Product Count and Display › should show correct product count" classname="product-search.spec.ts" time="1.178">
</testcase>
<testcase name="Product Search &amp; Filter Tests › Product Count and Display › should update count when filtering" classname="product-search.spec.ts" time="2.388">
</testcase>
</testsuite>
<testsuite name="registration.spec.ts" timestamp="2026-01-23T13:20:25.002Z" hostname="chromium" tests="64" failures="1" skipped="0" time="99.563" errors="0">
<testcase name="Multi-Step Registration Form Tests › Initial State and Page Load › should display registration form with Step 1" classname="registration.spec.ts" time="0.689">
</testcase>
<testcase name="Multi-Step Registration Form Tests › Initial State and Page Load › should display progress bar" classname="registration.spec.ts" time="0.675">
</testcase>
<testcase name="Multi-Step Registration Form Tests › Initial State and Page Load › should display all step indicators" classname="registration.spec.ts" time="0.677">
</testcase>
<testcase name="Multi-Step Registration Form Tests › Initial State and Page Load › should highlight current step" classname="registration.spec.ts" time="0.706">
</testcase>
<testcase name="Multi-Step Registration Form Tests › Step 1: Personal Information - Field Validation › should show error for empty first name" classname="registration.spec.ts" time="0.726">
</testcase>
<testcase name="Multi-Step Registration Form Tests › Step 1: Personal Information - Field Validation › should show error for short first name" classname="registration.spec.ts" time="0.701">
</testcase>
<testcase name="Multi-Step Registration Form Tests › Step 1: Personal Information - Field Validation › should show error for empty last name" classname="registration.spec.ts" time="0.716">
</testcase>
<testcase name="Multi-Step Registration Form Tests › Step 1: Personal Information - Field Validation › should show error for missing date of birth" classname="registration.spec.ts" time="0.992">
</testcase>
<testcase name="Multi-Step Registration Form Tests › Step 1: Personal Information - Field Validation › should show error for underage user" classname="registration.spec.ts" time="0.709">
</testcase>
<testcase name="Multi-Step Registration Form Tests › Step 1: Personal Information - Field Validation › should clear error when field is corrected" classname="registration.spec.ts" time="0.717">
</testcase>
<testcase name="Multi-Step Registration Form Tests › Step 1: Personal Information - Field Validation › should not proceed to Step 2 with invalid data" classname="registration.spec.ts" time="0.707">
</testcase>
<testcase name="Multi-Step Registration Form Tests › Step 1: Personal Information - Field Validation › should proceed to Step 2 with valid data" classname="registration.spec.ts" time="1.002">
</testcase>
<testcase name="Multi-Step Registration Form Tests › Step 2: Account Details - Field Validation › should display Step 2 fields" classname="registration.spec.ts" time="0.996">
</testcase>
<testcase name="Multi-Step Registration Form Tests › Step 2: Account Details - Field Validation › should show error for invalid email format" classname="registration.spec.ts" time="1.052">
</testcase>
<testcase name="Multi-Step Registration Form Tests › Step 2: Account Details - Field Validation › should show error for short username" classname="registration.spec.ts" time="1.036">
</testcase>
<testcase name="Multi-Step Registration Form Tests › Step 2: Account Details - Field Validation › should show error for invalid username characters" classname="registration.spec.ts" time="1.031">
</testcase>
<testcase name="Multi-Step Registration Form Tests › Step 2: Account Details - Field Validation › should show error for weak password" classname="registration.spec.ts" time="1.039">
</testcase>
<testcase name="Multi-Step Registration Form Tests › Step 2: Account Details - Field Validation › should show error for password without requirements" classname="registration.spec.ts" time="1.032">
</testcase>
<testcase name="Multi-Step Registration Form Tests › Step 2: Account Details - Field Validation › should show error when passwords do not match" classname="registration.spec.ts" time="1.432">
</testcase>
<testcase name="Multi-Step Registration Form Tests › Step 2: Account Details - Field Validation › should display password requirements help text" classname="registration.spec.ts" time="1.291">
</testcase>
<testcase name="Multi-Step Registration Form Tests › Step 2: Account Details - Field Validation › should display username requirements help text" classname="registration.spec.ts" time="1.187">
</testcase>
<testcase name="Multi-Step Registration Form Tests › Step 2: Account Details - Field Validation › should proceed to Step 3 with valid account details" classname="registration.spec.ts" time="1.707">
</testcase>
<testcase name="Multi-Step Registration Form Tests › Step 3: Preferences - Optional Fields › should display Step 3 fields" classname="registration.spec.ts" time="1.774">
</testcase>
<testcase name="Multi-Step Registration Form Tests › Step 3: Preferences - Optional Fields › should show optional preferences label" classname="registration.spec.ts" time="1.471">
</testcase>
<testcase name="Multi-Step Registration Form Tests › Step 3: Preferences - Optional Fields › should toggle newsletter checkbox" classname="registration.spec.ts" time="1.863">
</testcase>
<testcase name="Multi-Step Registration Form Tests › Step 3: Preferences - Optional Fields › should have notifications enabled by default" classname="registration.spec.ts" time="1.603">
</testcase>
<testcase name="Multi-Step Registration Form Tests › Step 3: Preferences - Optional Fields › should change theme preference" classname="registration.spec.ts" time="1.679">
</testcase>
<testcase name="Multi-Step Registration Form Tests › Step 3: Preferences - Optional Fields › should change language preference" classname="registration.spec.ts" time="1.69">
</testcase>
<testcase name="Multi-Step Registration Form Tests › Step 3: Preferences - Optional Fields › should proceed to Step 4 without filling preferences" classname="registration.spec.ts" time="1.697">
</testcase>
<testcase name="Multi-Step Registration Form Tests › Step 4: Review &amp; Terms › should display registration summary" classname="registration.spec.ts" time="1.73">
</testcase>
<testcase name="Multi-Step Registration Form Tests › Step 4: Review &amp; Terms › should display terms and conditions checkbox" classname="registration.spec.ts" time="1.739">
</testcase>
<testcase name="Multi-Step Registration Form Tests › Step 4: Review &amp; Terms › should display privacy policy checkbox" classname="registration.spec.ts" time="1.904">
</testcase>
<testcase name="Multi-Step Registration Form Tests › Step 4: Review &amp; Terms › should show error when submitting without accepting terms" classname="registration.spec.ts" time="1.915">
</testcase>
<testcase name="Multi-Step Registration Form Tests › Step 4: Review &amp; Terms › should show error when submitting without accepting privacy" classname="registration.spec.ts" time="1.939">
</testcase>
<testcase name="Multi-Step Registration Form Tests › Step 4: Review &amp; Terms › should show both errors when neither is accepted" classname="registration.spec.ts" time="1.886">
</testcase>
<testcase name="Multi-Step Registration Form Tests › Step 4: Review &amp; Terms › should submit form when both checkboxes are checked" classname="registration.spec.ts" time="4.893">
</testcase>
<testcase name="Multi-Step Registration Form Tests › Navigation Between Steps › should navigate forward through all steps" classname="registration.spec.ts" time="2.001">
</testcase>
<testcase name="Multi-Step Registration Form Tests › Navigation Between Steps › should navigate backward using Back button" classname="registration.spec.ts" time="1.861">
</testcase>
<testcase name="Multi-Step Registration Form Tests › Navigation Between Steps › should not show Back button on Step 1" classname="registration.spec.ts" time="0.995">
</testcase>
<testcase name="Multi-Step Registration Form Tests › Navigation Between Steps › should show Back button on Step 2 and beyond" classname="registration.spec.ts" time="1.44">
</testcase>
<testcase name="Multi-Step Registration Form Tests › Navigation Between Steps › should preserve form data when navigating back and forward" classname="registration.spec.ts" time="1.607">
</testcase>
<testcase name="Multi-Step Registration Form Tests › Navigation Between Steps › should update progress bar when navigating" classname="registration.spec.ts" time="1.198">
</testcase>
<testcase name="Multi-Step Registration Form Tests › Navigation Between Steps › should allow clicking on completed steps" classname="registration.spec.ts" time="1.548">
</testcase>
<testcase name="Multi-Step Registration Form Tests › Navigation Between Steps › should not allow clicking on future steps" classname="registration.spec.ts" time="0.878">
</testcase>
<testcase name="Multi-Step Registration Form Tests › Form Submission and Success State › should show loading state during submission" classname="registration.spec.ts" time="1.841">
</testcase>
<testcase name="Multi-Step Registration Form Tests › Form Submission and Success State › should display success message after submission" classname="registration.spec.ts" time="4.26">
</testcase>
<testcase name="Multi-Step Registration Form Tests › Form Submission and Success State › should display user information in success message" classname="registration.spec.ts" time="4.262">
</testcase>
<testcase name="Multi-Step Registration Form Tests › Form Submission and Success State › should display next steps information" classname="registration.spec.ts" time="4.45">
</testcase>
<testcase name="Multi-Step Registration Form Tests › Form Submission and Success State › should display dashboard button" classname="registration.spec.ts" time="4.344">
</testcase>
<testcase name="Multi-Step Registration Form Tests › Form Submission and Success State › should display success icon" classname="registration.spec.ts" time="4.439">
</testcase>
<testcase name="Multi-Step Registration Form Tests › Error Messages and Accessibility › should have proper ARIA labels on required fields" classname="registration.spec.ts" time="0.757">
</testcase>
<testcase name="Multi-Step Registration Form Tests › Error Messages and Accessibility › should have proper form labels" classname="registration.spec.ts" time="0.759">
</testcase>
<testcase name="Multi-Step Registration Form Tests › Error Messages and Accessibility › should mark required fields with asterisk" classname="registration.spec.ts" time="0.859">
</testcase>
<testcase name="Multi-Step Registration Form Tests › Error Messages and Accessibility › should set aria-invalid on fields with errors" classname="registration.spec.ts" time="0.779">
</testcase>
<testcase name="Multi-Step Registration Form Tests › Error Messages and Accessibility › should associate error messages with fields using aria-describedby" classname="registration.spec.ts" time="0.786">
</testcase>
<testcase name="Multi-Step Registration Form Tests › Error Messages and Accessibility › should announce errors with role=&quot;alert&quot;" classname="registration.spec.ts" time="0.795">
</testcase>
<testcase name="Multi-Step Registration Form Tests › Error Messages and Accessibility › should have accessible step navigation" classname="registration.spec.ts" time="0.702">
</testcase>
<testcase name="Multi-Step Registration Form Tests › Error Messages and Accessibility › should have aria-current on active step" classname="registration.spec.ts" time="0.801">
</testcase>
<testcase name="Multi-Step Registration Form Tests › Error Messages and Accessibility › should have meaningful button labels" classname="registration.spec.ts" time="0.729">
</testcase>
<testcase name="Multi-Step Registration Form Tests › Error Messages and Accessibility › should announce success state to screen readers" classname="registration.spec.ts" time="4.341">
</testcase>
<testcase name="Multi-Step Registration Form Tests › Accessibility Compliance › Step 1 should not have accessibility violations" classname="registration.spec.ts" time="1.056">
</testcase>
<testcase name="Multi-Step Registration Form Tests › Accessibility Compliance › Step 2 should not have accessibility violations" classname="registration.spec.ts" time="1.358">
</testcase>
<testcase name="Multi-Step Registration Form Tests › Accessibility Compliance › should be keyboard navigable" classname="registration.spec.ts" time="0.884">
<failure message="registration.spec.ts:753:5 should be keyboard navigable" type="FAILURE">
<![CDATA[  [chromium] › registration.spec.ts:753:5 › Multi-Step Registration Form Tests › Accessibility Compliance › should be keyboard navigable 

    Error: expect(received).toBeTruthy()

    Received: false

      763 |       const lastNameFocused = await lastName.evaluate(el => el === document.activeElement)
      764 |       
    > 765 |       expect(firstNameFocused || lastNameFocused).toBeTruthy()
          |                                                   ^
      766 |     })
      767 |
      768 |     test('should support keyboard form submission', async ({ page }) => {
        at /Users/dsahanovici/CURSOR_AI_DEMO/qa-automation/tests/e2e/frontend/registration.spec.ts:765:51

    attachment #1: screenshot (image/png) ──────────────────────────────────────────────────────────
    ../../../../test-results/registration-Multi-Step-Re-0963e-hould-be-keyboard-navigable-chromium/test-failed-1.png
    ────────────────────────────────────────────────────────────────────────────────────────────────

    attachment #2: video (video/webm) ──────────────────────────────────────────────────────────────
    ../../../../test-results/registration-Multi-Step-Re-0963e-hould-be-keyboard-navigable-chromium/video.webm
    ────────────────────────────────────────────────────────────────────────────────────────────────

    Error Context: ../../../../test-results/registration-Multi-Step-Re-0963e-hould-be-keyboard-navigable-chromium/error-context.md
]]>
</failure>
<system-out>
<![CDATA[
[[ATTACHMENT|registration-Multi-Step-Re-0963e-hould-be-keyboard-navigable-chromium/test-failed-1.png]]

[[ATTACHMENT|registration-Multi-Step-Re-0963e-hould-be-keyboard-navigable-chromium/video.webm]]

[[ATTACHMENT|registration-Multi-Step-Re-0963e-hould-be-keyboard-navigable-chromium/error-context.md]]
]]>
</system-out>
</testcase>
<testcase name="Multi-Step Registration Form Tests › Accessibility Compliance › should support keyboard form submission" classname="registration.spec.ts" time="1.23">
</testcase>
</testsuite>
<testsuite name="responsive.spec.ts" timestamp="2026-01-23T13:20:25.002Z" hostname="chromium" tests="32" failures="0" skipped="0" time="27.672" errors="0">
<testcase name="Responsive Design Tests - Mobile › should show mobile hamburger menu" classname="responsive.spec.ts" time="0.332">
</testcase>
<testcase name="Responsive Design Tests - Mobile › should open sidebar on hamburger click" classname="responsive.spec.ts" time="0.85">
</testcase>
<testcase name="Responsive Design Tests - Mobile › should close sidebar on backdrop click" classname="responsive.spec.ts" time="1.204">
</testcase>
<testcase name="Responsive Design Tests - Mobile › should display mobile-friendly statistics" classname="responsive.spec.ts" time="0.354">
</testcase>
<testcase name="Responsive Design Tests - Mobile › should show tasks in single column on mobile" classname="responsive.spec.ts" time="0.553">
</testcase>
<testcase name="Responsive Design Tests - Mobile › should hide user email on small screens" classname="responsive.spec.ts" time="0.413">
</testcase>
<testcase name="Responsive Design Tests - Mobile › should show mobile navigation" classname="responsive.spec.ts" time="0.407">
</testcase>
<testcase name="Responsive Design Tests - Tablet › should display sidebar on tablet" classname="responsive.spec.ts" time="0.408">
</testcase>
<testcase name="Responsive Design Tests - Tablet › should show 2-column task grid" classname="responsive.spec.ts" time="0.481">
</testcase>
<testcase name="Responsive Design Tests - Tablet › should display statistics in 2 columns" classname="responsive.spec.ts" time="0.493">
</testcase>
<testcase name="Responsive Design Tests - Desktop › should show persistent sidebar" classname="responsive.spec.ts" time="0.593">
</testcase>
<testcase name="Responsive Design Tests - Desktop › should not show hamburger menu" classname="responsive.spec.ts" time="0.516">
</testcase>
<testcase name="Responsive Design Tests - Desktop › should display 4-column statistics" classname="responsive.spec.ts" time="0.568">
</testcase>
<testcase name="Responsive Design Tests - Desktop › should show full task details" classname="responsive.spec.ts" time="0.598">
</testcase>
<testcase name="Responsive Design Tests - Desktop › should display search bar in header" classname="responsive.spec.ts" time="0.473">
</testcase>
<testcase name="Responsive Design - Analytics Dashboard › should be responsive on mobile" classname="responsive.spec.ts" time="0.279">
</testcase>
<testcase name="Responsive Design - Analytics Dashboard › should show charts on tablet" classname="responsive.spec.ts" time="0.318">
</testcase>
<testcase name="Responsive Design - Analytics Dashboard › should display full layout on desktop" classname="responsive.spec.ts" time="0.341">
</testcase>
<testcase name="Responsive Design - Navigation › should show compact navigation on mobile" classname="responsive.spec.ts" time="0.261">
</testcase>
<testcase name="Responsive Design - Navigation › should show full navigation on desktop" classname="responsive.spec.ts" time="0.347">
</testcase>
<testcase name="Responsive Design - Orientation Changes › should handle portrait to landscape on mobile" classname="responsive.spec.ts" time="1.446">
</testcase>
<testcase name="Responsive Design - Orientation Changes › should handle landscape to portrait on mobile" classname="responsive.spec.ts" time="1.447">
</testcase>
<testcase name="Responsive Design - Orientation Changes › should handle tablet portrait to landscape" classname="responsive.spec.ts" time="1.483">
</testcase>
<testcase name="Responsive Design - Orientation Changes › should handle tablet landscape to portrait" classname="responsive.spec.ts" time="1.494">
</testcase>
<testcase name="Responsive Design - Orientation Changes › should adjust grid layout on orientation change" classname="responsive.spec.ts" time="1.52">
</testcase>
<testcase name="Responsive Design - Orientation Changes › should maintain sidebar state on orientation change" classname="responsive.spec.ts" time="1.801">
</testcase>
<testcase name="Responsive Design - Orientation Changes › should reflow statistics on orientation change" classname="responsive.spec.ts" time="1.517">
</testcase>
<testcase name="Responsive Design - Orientation Changes › should handle rapid orientation changes" classname="responsive.spec.ts" time="1.639">
</testcase>
<testcase name="Responsive Design - Orientation Changes › should adjust analytics dashboard on orientation change" classname="responsive.spec.ts" time="1.183">
</testcase>
<testcase name="Responsive Design - Orientation Changes › should maintain scroll position on orientation change" classname="responsive.spec.ts" time="1.669">
</testcase>
<testcase name="Responsive Design - Orientation Changes › should handle orientation change with open modals" classname="responsive.spec.ts" time="1.642">
</testcase>
<testcase name="Responsive Design - Orientation Changes › should handle orientation change during loading" classname="responsive.spec.ts" time="1.042">
</testcase>
</testsuite>
<testsuite name="task-management.spec.ts" timestamp="2026-01-23T13:20:25.002Z" hostname="chromium" tests="51" failures="0" skipped="0" time="67.737" errors="0">
<testcase name="Task Management Tests › should display dashboard with tasks" classname="task-management.spec.ts" time="0.953">
</testcase>
<testcase name="Task Management Tests › should display task cards" classname="task-management.spec.ts" time="0.933">
</testcase>
<testcase name="Task Management Tests › should show task details" classname="task-management.spec.ts" time="0.949">
</testcase>
<testcase name="Task Management Tests › should filter tasks by status" classname="task-management.spec.ts" time="1.055">
</testcase>
<testcase name="Task Management Tests › should show task progress bars" classname="task-management.spec.ts" time="1.053">
</testcase>
<testcase name="Task Management Tests › should display task assignees" classname="task-management.spec.ts" time="0.938">
</testcase>
<testcase name="Task Management Tests › should show overdue tasks with warning" classname="task-management.spec.ts" time="0.98">
</testcase>
<testcase name="Task Management Tests › should display quick stats sidebar" classname="task-management.spec.ts" time="0.997">
</testcase>
<testcase name="Task Management Tests › should show completed tasks section" classname="task-management.spec.ts" time="1">
</testcase>
<testcase name="Task Management Tests › should display task tags" classname="task-management.spec.ts" time="0.964">
</testcase>
<testcase name="Task Creation › should show create task button" classname="task-management.spec.ts" time="1.533">
</testcase>
<testcase name="Task Creation › should be able to click create task button" classname="task-management.spec.ts" time="1.076">
</testcase>
<testcase name="Task Creation › should show new task button in sidebar" classname="task-management.spec.ts" time="1.047">
</testcase>
<testcase name="Task Creation › should be able to click sidebar new task button" classname="task-management.spec.ts" time="0.996">
</testcase>
<testcase name="Task Edit Operations › should open edit task dialog" classname="task-management.spec.ts" time="0.967">
</testcase>
<testcase name="Task Edit Operations › should edit task title" classname="task-management.spec.ts" time="1.023">
</testcase>
<testcase name="Task Edit Operations › should edit task description" classname="task-management.spec.ts" time="1.056">
</testcase>
<testcase name="Task Edit Operations › should edit task priority" classname="task-management.spec.ts" time="1.017">
</testcase>
<testcase name="Task Edit Operations › should edit task due date" classname="task-management.spec.ts" time="1.049">
</testcase>
<testcase name="Task Edit Operations › should edit task assignee" classname="task-management.spec.ts" time="0.976">
</testcase>
<testcase name="Task Edit Operations › should cancel task edit" classname="task-management.spec.ts" time="0.944">
</testcase>
<testcase name="Task Edit Operations › should validate required fields when editing" classname="task-management.spec.ts" time="1.128">
</testcase>
<testcase name="Task Completion Operations › should mark task as complete" classname="task-management.spec.ts" time="1.03">
</testcase>
<testcase name="Task Completion Operations › should show completion animation" classname="task-management.spec.ts" time="1.036">
</testcase>
<testcase name="Task Completion Operations › should unmark task as complete" classname="task-management.spec.ts" time="1.937">
</testcase>
<testcase name="Task Completion Operations › should update completion statistics" classname="task-management.spec.ts" time="2.382">
</testcase>
<testcase name="Task Completion Operations › should show completed date" classname="task-management.spec.ts" time="2.304">
</testcase>
<testcase name="Task Completion Operations › should update progress bars on completion" classname="task-management.spec.ts" time="2.725">
</testcase>
<testcase name="Task Deletion Operations › should show delete button on task" classname="task-management.spec.ts" time="1.426">
</testcase>
<testcase name="Task Deletion Operations › should show delete confirmation dialog" classname="task-management.spec.ts" time="1.425">
</testcase>
<testcase name="Task Deletion Operations › should delete task on confirmation" classname="task-management.spec.ts" time="1.802">
</testcase>
<testcase name="Task Deletion Operations › should cancel task deletion" classname="task-management.spec.ts" time="2.655">
</testcase>
<testcase name="Task Deletion Operations › should show delete animation" classname="task-management.spec.ts" time="2.821">
</testcase>
<testcase name="Task Deletion Operations › should update statistics after deletion" classname="task-management.spec.ts" time="2.617">
</testcase>
<testcase name="Task Deletion Operations › should support bulk delete" classname="task-management.spec.ts" time="1.67">
</testcase>
<testcase name="Task Search and Filter Operations › should show search bar" classname="task-management.spec.ts" time="1.657">
</testcase>
<testcase name="Task Search and Filter Operations › should search tasks by title" classname="task-management.spec.ts" time="1.605">
</testcase>
<testcase name="Task Search and Filter Operations › should search tasks by description" classname="task-management.spec.ts" time="1.099">
</testcase>
<testcase name="Task Search and Filter Operations › should show &quot;no results&quot; message" classname="task-management.spec.ts" time="1.018">
</testcase>
<testcase name="Task Search and Filter Operations › should clear search" classname="task-management.spec.ts" time="1.051">
</testcase>
<testcase name="Task Search and Filter Operations › should filter by priority" classname="task-management.spec.ts" time="1.041">
</testcase>
<testcase name="Task Search and Filter Operations › should filter by assignee" classname="task-management.spec.ts" time="1.234">
</testcase>
<testcase name="Task Search and Filter Operations › should filter by due date" classname="task-management.spec.ts" time="1.615">
</testcase>
<testcase name="Task Search and Filter Operations › should combine multiple filters" classname="task-management.spec.ts" time="1.527">
</testcase>
<testcase name="Task Search and Filter Operations › should show filter count" classname="task-management.spec.ts" time="1.166">
</testcase>
<testcase name="Task Search and Filter Operations › should persist filters" classname="task-management.spec.ts" time="1.553">
</testcase>
<testcase name="Task Interactions › should show task menu on hover" classname="task-management.spec.ts" time="1.99">
</testcase>
<testcase name="Task Interactions › should display task statistics" classname="task-management.spec.ts" time="1.053">
</testcase>
<testcase name="Task Interactions › should show productivity metrics" classname="task-management.spec.ts" time="1.012">
</testcase>
<testcase name="Error Handling - Tasks › should handle empty task list gracefully" classname="task-management.spec.ts" time="0.322">
</testcase>
<testcase name="Error Handling - Tasks › should handle missing task data" classname="task-management.spec.ts" time="0.33">
</testcase>
</testsuite>
<testsuite name="accessibility.spec.ts" timestamp="2026-01-23T13:20:25.002Z" hostname="firefox" tests="13" failures="1" skipped="0" time="32.182" errors="0">
<testcase name="Accessibility Tests › Dashboard should not have accessibility violations" classname="accessibility.spec.ts" time="5.911">
</testcase>
<testcase name="Accessibility Tests › should have proper heading hierarchy" classname="accessibility.spec.ts" time="2.455">
</testcase>
<testcase name="Accessibility Tests › should have proper ARIA labels" classname="accessibility.spec.ts" time="3.824">
</testcase>
<testcase name="Accessibility Tests › should have proper role attributes" classname="accessibility.spec.ts" time="1.357">
</testcase>
<testcase name="Accessibility Tests › should be keyboard navigable" classname="accessibility.spec.ts" time="1.888">
</testcase>
<testcase name="Accessibility Tests › should support screen readers with alt text" classname="accessibility.spec.ts" time="2.53">
</testcase>
<testcase name="Accessibility Tests › should have proper form labels" classname="accessibility.spec.ts" time="2.097">
</testcase>
<testcase name="Accessibility Tests › should have proper button labels" classname="accessibility.spec.ts" time="1.932">
</testcase>
<testcase name="Accessibility Tests › should have proper color contrast" classname="accessibility.spec.ts" time="5.416">
</testcase>
<testcase name="Accessibility Tests › should support dark mode" classname="accessibility.spec.ts" time="1.441">
</testcase>
<testcase name="Accessibility Tests › Analytics Dashboard should not have accessibility violations" classname="accessibility.spec.ts" time="1.957">
<failure message="accessibility.spec.ts:179:3 Analytics Dashboard should not have accessibility violations" type="FAILURE">
<![CDATA[  [firefox] › accessibility.spec.ts:179:3 › Accessibility Tests › Analytics Dashboard should not have accessibility violations 

    Error: expect(received).toEqual(expected) // deep equality

    - Expected  -   1
    + Received  + 378

    - Array []
    + Array [
    +   Object {
    +     "description": "Ensure every form element has a label",
    +     "help": "Form elements must have labels",
    +     "helpUrl": "https://dequeuniversity.com/rules/axe/4.11/label?application=playwright",
    +     "id": "label",
    +     "impact": "critical",
    +     "nodes": Array [
    +       Object {
    +         "all": Array [],
    +         "any": Array [
    +           Object {
    +             "data": null,
    +             "id": "implicit-label",
    +             "impact": "critical",
    +             "message": "Element does not have an implicit (wrapped) <label>",
    +             "relatedNodes": Array [],
    +           },
    +           Object {
    +             "data": null,
    +             "id": "explicit-label",
    +             "impact": "critical",
    +             "message": "Element does not have an explicit <label>",
    +             "relatedNodes": Array [],
    +           },
    +           Object {
    +             "data": null,
    +             "id": "aria-label",
    +             "impact": "critical",
    +             "message": "aria-label attribute does not exist or is empty",
    +             "relatedNodes": Array [],
    +           },
    +           Object {
    +             "data": null,
    +             "id": "aria-labelledby",
    +             "impact": "critical",
    +             "message": "aria-labelledby attribute does not exist, references elements that do not exist or references elements that are empty",
    +             "relatedNodes": Array [],
    +           },
    +           Object {
    +             "data": Object {
    +               "messageKey": "noAttr",
    +             },
[...]
</testcase>
<testcase name="Multi-Step Registration Form Tests › Step 4: Review &amp; Terms › should show both errors when neither is accepted" classname="registration.spec.ts" time="1.898">
</testcase>
<testcase name="Multi-Step Registration Form Tests › Step 4: Review &amp; Terms › should submit form when both checkboxes are checked" classname="registration.spec.ts" time="4.445">
</testcase>
<testcase name="Multi-Step Registration Form Tests › Navigation Between Steps › should navigate forward through all steps" classname="registration.spec.ts" time="1.901">
</testcase>
<testcase name="Multi-Step Registration Form Tests › Navigation Between Steps › should navigate backward using Back button" classname="registration.spec.ts" time="1.523">
</testcase>
<testcase name="Multi-Step Registration Form Tests › Navigation Between Steps › should not show Back button on Step 1" classname="registration.spec.ts" time="0.871">
</testcase>
<testcase name="Multi-Step Registration Form Tests › Navigation Between Steps › should show Back button on Step 2 and beyond" classname="registration.spec.ts" time="1.156">
</testcase>
<testcase name="Multi-Step Registration Form Tests › Navigation Between Steps › should preserve form data when navigating back and forward" classname="registration.spec.ts" time="1.495">
</testcase>
<testcase name="Multi-Step Registration Form Tests › Navigation Between Steps › should update progress bar when navigating" classname="registration.spec.ts" time="1.228">
</testcase>
<testcase name="Multi-Step Registration Form Tests › Navigation Between Steps › should allow clicking on completed steps" classname="registration.spec.ts" time="1.522">
</testcase>
<testcase name="Multi-Step Registration Form Tests › Navigation Between Steps › should not allow clicking on future steps" classname="registration.spec.ts" time="0.894">
</testcase>
<testcase name="Multi-Step Registration Form Tests › Form Submission and Success State › should show loading state during submission" classname="registration.spec.ts" time="1.934">
</testcase>
<testcase name="Multi-Step Registration Form Tests › Form Submission and Success State › should display success message after submission" classname="registration.spec.ts" time="4.48">
</testcase>
<testcase name="Multi-Step Registration Form Tests › Form Submission and Success State › should display user information in success message" classname="registration.spec.ts" time="4.46">
</testcase>
<testcase name="Multi-Step Registration Form Tests › Form Submission and Success State › should display next steps information" classname="registration.spec.ts" time="4.449">
</testcase>
<testcase name="Multi-Step Registration Form Tests › Form Submission and Success State › should display dashboard button" classname="registration.spec.ts" time="4.437">
</testcase>
<testcase name="Multi-Step Registration Form Tests › Form Submission and Success State › should display success icon" classname="registration.spec.ts" time="4.474">
</testcase>
<testcase name="Multi-Step Registration Form Tests › Error Messages and Accessibility › should have proper ARIA labels on required fields" classname="registration.spec.ts" time="0.859">
</testcase>
<testcase name="Multi-Step Registration Form Tests › Error Messages and Accessibility › should have proper form labels" classname="registration.spec.ts" time="0.897">
</testcase>
<testcase name="Multi-Step Registration Form Tests › Error Messages and Accessibility › should mark required fields with asterisk" classname="registration.spec.ts" time="0.902">
</testcase>
<testcase name="Multi-Step Registration Form Tests › Error Messages and Accessibility › should set aria-invalid on fields with errors" classname="registration.spec.ts" time="0.875">
</testcase>
<testcase name="Multi-Step Registration Form Tests › Error Messages and Accessibility › should associate error messages with fields using aria-describedby" classname="registration.spec.ts" time="0.927">
</testcase>
<testcase name="Multi-Step Registration Form Tests › Error Messages and Accessibility › should announce errors with role=&quot;alert&quot;" classname="registration.spec.ts" time="0.962">
</testcase>
<testcase name="Multi-Step Registration Form Tests › Error Messages and Accessibility › should have accessible step navigation" classname="registration.spec.ts" time="0.9">
</testcase>
<testcase name="Multi-Step Registration Form Tests › Error Messages and Accessibility › should have aria-current on active step" classname="registration.spec.ts" time="0.886">
</testcase>
<testcase name="Multi-Step Registration Form Tests › Error Messages and Accessibility › should have meaningful button labels" classname="registration.spec.ts" time="0.863">
</testcase>
<testcase name="Multi-Step Registration Form Tests › Error Messages and Accessibility › should announce success state to screen readers" classname="registration.spec.ts" time="4.442">
</testcase>
<testcase name="Multi-Step Registration Form Tests › Accessibility Compliance › Step 1 should not have accessibility violations" classname="registration.spec.ts" time="1.145">
</testcase>
<testcase name="Multi-Step Registration Form Tests › Accessibility Compliance › Step 2 should not have accessibility violations" classname="registration.spec.ts" time="1.527">
</testcase>
<testcase name="Multi-Step Registration Form Tests › Accessibility Compliance › should be keyboard navigable" classname="registration.spec.ts" time="0.899">
<failure message="registration.spec.ts:753:5 should be keyboard navigable" type="FAILURE">
<![CDATA[  [Google Chrome] › registration.spec.ts:753:5 › Multi-Step Registration Form Tests › Accessibility Compliance › should be keyboard navigable 

    Error: expect(received).toBeTruthy()

    Received: false

      763 |       const lastNameFocused = await lastName.evaluate(el => el === document.activeElement)
      764 |       
    > 765 |       expect(firstNameFocused || lastNameFocused).toBeTruthy()
          |                                                   ^
      766 |     })
      767 |
      768 |     test('should support keyboard form submission', async ({ page }) => {
        at /Users/dsahanovici/CURSOR_AI_DEMO/qa-automation/tests/e2e/frontend/registration.spec.ts:765:51

    attachment #1: screenshot (image/png) ──────────────────────────────────────────────────────────
    ../../../../test-results/registration-Multi-Step-Re-0963e-hould-be-keyboard-navigable-Google-Chrome/test-failed-1.png
    ────────────────────────────────────────────────────────────────────────────────────────────────

    attachment #2: video (video/webm) ──────────────────────────────────────────────────────────────
    ../../../../test-results/registration-Multi-Step-Re-0963e-hould-be-keyboard-navigable-Google-Chrome/video.webm
    ────────────────────────────────────────────────────────────────────────────────────────────────

    Error Context: ../../../../test-results/registration-Multi-Step-Re-0963e-hould-be-keyboard-navigable-Google-Chrome/error-context.md
]]>
</failure>
<system-out>
<![CDATA[
[[ATTACHMENT|registration-Multi-Step-Re-0963e-hould-be-keyboard-navigable-Google-Chrome/test-failed-1.png]]

[[ATTACHMENT|registration-Multi-Step-Re-0963e-hould-be-keyboard-navigable-Google-Chrome/video.webm]]

[[ATTACHMENT|registration-Multi-Step-Re-0963e-hould-be-keyboard-navigable-Google-Chrome/error-context.md]]
]]>
</system-out>
</testcase>
<testcase name="Multi-Step Registration Form Tests › Accessibility Compliance › should support keyboard form submission" classname="registration.spec.ts" time="1.374">
</testcase>
</testsuite>
<testsuite name="responsive.spec.ts" timestamp="2026-01-23T13:20:25.002Z" hostname="Google Chrome" tests="32" failures="0" skipped="0" time="38.283" errors="0">
<testcase name="Responsive Design Tests - Mobile › should show mobile hamburger menu" classname="responsive.spec.ts" time="0.395">
</testcase>
<testcase name="Responsive Design Tests - Mobile › should open sidebar on hamburger click" classname="responsive.spec.ts" time="0.955">
</testcase>
<testcase name="Responsive Design Tests - Mobile › should close sidebar on backdrop click" classname="responsive.spec.ts" time="1.242">
</testcase>
<testcase name="Responsive Design Tests - Mobile › should display mobile-friendly statistics" classname="responsive.spec.ts" time="0.57">
</testcase>
<testcase name="Responsive Design Tests - Mobile › should show tasks in single column on mobile" classname="responsive.spec.ts" time="0.656">
</testcase>
<testcase name="Responsive Design Tests - Mobile › should hide user email on small screens" classname="responsive.spec.ts" time="0.879">
</testcase>
<testcase name="Responsive Design Tests - Mobile › should show mobile navigation" classname="responsive.spec.ts" time="0.577">
</testcase>
<testcase name="Responsive Design Tests - Tablet › should display sidebar on tablet" classname="responsive.spec.ts" time="0.661">
</testcase>
<testcase name="Responsive Design Tests - Tablet › should show 2-column task grid" classname="responsive.spec.ts" time="0.61">
</testcase>
<testcase name="Responsive Design Tests - Tablet › should display statistics in 2 columns" classname="responsive.spec.ts" time="0.609">
</testcase>
<testcase name="Responsive Design Tests - Desktop › should show persistent sidebar" classname="responsive.spec.ts" time="0.678">
</testcase>
<testcase name="Responsive Design Tests - Desktop › should not show hamburger menu" classname="responsive.spec.ts" time="0.648">
</testcase>
<testcase name="Responsive Design Tests - Desktop › should display 4-column statistics" classname="responsive.spec.ts" time="0.616">
</testcase>
<testcase name="Responsive Design Tests - Desktop › should show full task details" classname="responsive.spec.ts" time="0.555">
</testcase>
<testcase name="Responsive Design Tests - Desktop › should display search bar in header" classname="responsive.spec.ts" time="0.566">
</testcase>
<testcase name="Responsive Design - Analytics Dashboard › should be responsive on mobile" classname="responsive.spec.ts" time="0.353">
</testcase>
<testcase name="Responsive Design - Analytics Dashboard › should show charts on tablet" classname="responsive.spec.ts" time="0.375">
</testcase>
<testcase name="Responsive Design - Analytics Dashboard › should display full layout on desktop" classname="responsive.spec.ts" time="0.413">
</testcase>
<testcase name="Responsive Design - Navigation › should show compact navigation on mobile" classname="responsive.spec.ts" time="0.337">
</testcase>
<testcase name="Responsive Design - Navigation › should show full navigation on desktop" classname="responsive.spec.ts" time="0.435">
</testcase>
<testcase name="Responsive Design - Orientation Changes › should handle portrait to landscape on mobile" classname="responsive.spec.ts" time="2.603">
</testcase>
<testcase name="Responsive Design - Orientation Changes › should handle landscape to portrait on mobile" classname="responsive.spec.ts" time="2.833">
</testcase>
<testcase name="Responsive Design - Orientation Changes › should handle tablet portrait to landscape" classname="responsive.spec.ts" time="2.226">
</testcase>
<testcase name="Responsive Design - Orientation Changes › should handle tablet landscape to portrait" classname="responsive.spec.ts" time="2.507">
</testcase>
<testcase name="Responsive Design - Orientation Changes › should adjust grid layout on orientation change" classname="responsive.spec.ts" time="1.934">
</testcase>
<testcase name="Responsive Design - Orientation Changes › should maintain sidebar state on orientation change" classname="responsive.spec.ts" time="3.005">
</testcase>
<testcase name="Responsive Design - Orientation Changes › should reflow statistics on orientation change" classname="responsive.spec.ts" time="2.257">
</testcase>
<testcase name="Responsive Design - Orientation Changes › should handle rapid orientation changes" classname="responsive.spec.ts" time="2.304">
</testcase>
<testcase name="Responsive Design - Orientation Changes › should adjust analytics dashboard on orientation change" classname="responsive.spec.ts" time="1.351">
</testcase>
<testcase name="Responsive Design - Orientation Changes › should maintain scroll position on orientation change" classname="responsive.spec.ts" time="1.936">
</testcase>
<testcase name="Responsive Design - Orientation Changes › should handle orientation change with open modals" classname="responsive.spec.ts" time="1.932">
</testcase>
<testcase name="Responsive Design - Orientation Changes › should handle orientation change during loading" classname="responsive.spec.ts" time="1.265">
</testcase>
</testsuite>
<testsuite name="task-management.spec.ts" timestamp="2026-01-23T13:20:25.002Z" hostname="Google Chrome" tests="51" failures="0" skipped="0" time="66.826" errors="0">
<testcase name="Task Management Tests › should display dashboard with tasks" classname="task-management.spec.ts" time="1.269">
</testcase>
<testcase name="Task Management Tests › should display task cards" classname="task-management.spec.ts" time="1.26">
</testcase>
<testcase name="Task Management Tests › should show task details" classname="task-management.spec.ts" time="1.23">
</testcase>
<testcase name="Task Management Tests › should filter tasks by status" classname="task-management.spec.ts" time="1.209">
</testcase>
<testcase name="Task Management Tests › should show task progress bars" classname="task-management.spec.ts" time="1.201">
</testcase>
<testcase name="Task Management Tests › should display task assignees" classname="task-management.spec.ts" time="1.128">
</testcase>
<testcase name="Task Management Tests › should show overdue tasks with warning" classname="task-management.spec.ts" time="1.2">
</testcase>
<testcase name="Task Management Tests › should display quick stats sidebar" classname="task-management.spec.ts" time="1.45">
</testcase>
<testcase name="Task Management Tests › should show completed tasks section" classname="task-management.spec.ts" time="1.074">
</testcase>
<testcase name="Task Management Tests › should display task tags" classname="task-management.spec.ts" time="1.128">
</testcase>
<testcase name="Task Creation › should show create task button" classname="task-management.spec.ts" time="1.094">
</testcase>
<testcase name="Task Creation › should be able to click create task button" classname="task-management.spec.ts" time="1.166">
</testcase>
<testcase name="Task Creation › should show new task button in sidebar" classname="task-management.spec.ts" time="1.127">
</testcase>
<testcase name="Task Creation › should be able to click sidebar new task button" classname="task-management.spec.ts" time="1.08">
</testcase>
<testcase name="Task Edit Operations › should open edit task dialog" classname="task-management.spec.ts" time="1.085">
</testcase>
<testcase name="Task Edit Operations › should edit task title" classname="task-management.spec.ts" time="1.11">
</testcase>
<testcase name="Task Edit Operations › should edit task description" classname="task-management.spec.ts" time="1.324">
</testcase>
<testcase name="Task Edit Operations › should edit task priority" classname="task-management.spec.ts" time="1.249">
</testcase>
<testcase name="Task Edit Operations › should edit task due date" classname="task-management.spec.ts" time="1.229">
</testcase>
<testcase name="Task Edit Operations › should edit task assignee" classname="task-management.spec.ts" time="1.353">
</testcase>
<testcase name="Task Edit Operations › should cancel task edit" classname="task-management.spec.ts" time="1.393">
</testcase>
<testcase name="Task Edit Operations › should validate required fields when editing" classname="task-management.spec.ts" time="1.13">
</testcase>
<testcase name="Task Completion Operations › should mark task as complete" classname="task-management.spec.ts" time="1.076">
</testcase>
<testcase name="Task Completion Operations › should show completion animation" classname="task-management.spec.ts" time="1.298">
</testcase>
<testcase name="Task Completion Operations › should unmark task as complete" classname="task-management.spec.ts" time="2.43">
</testcase>
<testcase name="Task Completion Operations › should update completion statistics" classname="task-management.spec.ts" time="1.791">
</testcase>
<testcase name="Task Completion Operations › should show completed date" classname="task-management.spec.ts" time="2.112">
</testcase>
<testcase name="Task Completion Operations › should update progress bars on completion" classname="task-management.spec.ts" time="1.885">
</testcase>
<testcase name="Task Deletion Operations › should show delete button on task" classname="task-management.spec.ts" time="1.409">
</testcase>
<testcase name="Task Deletion Operations › should show delete confirmation dialog" classname="task-management.spec.ts" time="1.07">
</testcase>
<testcase name="Task Deletion Operations › should delete task on confirmation" classname="task-management.spec.ts" time="1.494">
</testcase>
<testcase name="Task Deletion Operations › should cancel task deletion" classname="task-management.spec.ts" time="1.671">
</testcase>
<testcase name="Task Deletion Operations › should show delete animation" classname="task-management.spec.ts" time="1.413">
</testcase>
<testcase name="Task Deletion Operations › should update statistics after deletion" classname="task-management.spec.ts" time="1.388">
</testcase>
<testcase name="Task Deletion Operations › should support bulk delete" classname="task-management.spec.ts" time="1.152">
</testcase>
<testcase name="Task Search and Filter Operations › should show search bar" classname="task-management.spec.ts" time="1.11">
</testcase>
<testcase name="Task Search and Filter Operations › should search tasks by title" classname="task-management.spec.ts" time="1.507">
</testcase>
<testcase name="Task Search and Filter Operations › should search tasks by description" classname="task-management.spec.ts" time="1.744">
</testcase>
<testcase name="Task Search and Filter Operations › should show &quot;no results&quot; message" classname="task-management.spec.ts" time="1.83">
</testcase>
<testcase name="Task Search and Filter Operations › should clear search" classname="task-management.spec.ts" time="1.819">
</testcase>
<testcase name="Task Search and Filter Operations › should filter by priority" classname="task-management.spec.ts" time="1.026">
</testcase>
<testcase name="Task Search and Filter Operations › should filter by assignee" classname="task-management.spec.ts" time="1.03">
</testcase>
<testcase name="Task Search and Filter Operations › should filter by due date" classname="task-management.spec.ts" time="1.103">
</testcase>
<testcase name="Task Search and Filter Operations › should combine multiple filters" classname="task-management.spec.ts" time="1.096">
</testcase>
<testcase name="Task Search and Filter Operations › should show filter count" classname="task-management.spec.ts" time="1.097">
</testcase>
<testcase name="Task Search and Filter Operations › should persist filters" classname="task-management.spec.ts" time="1.613">
</testcase>
<testcase name="Task Interactions › should show task menu on hover" classname="task-management.spec.ts" time="2.06">
</testcase>
<testcase name="Task Interactions › should display task statistics" classname="task-management.spec.ts" time="1.15">
</testcase>
<testcase name="Task Interactions › should show productivity metrics" classname="task-management.spec.ts" time="1.069">
</testcase>
<testcase name="Error Handling - Tasks › should handle empty task list gracefully" classname="task-management.spec.ts" time="0.489">
</testcase>
<testcase name="Error Handling - Tasks › should handle missing task data" classname="task-management.spec.ts" time="0.405">
</testcase>
</testsuite>
</testsuites>