<?xml version="1.0" encoding="utf-8"?><testsuites><testsuite name="pytest" errors="37" failures="58" skipped="0" tests="348" time="41.764" timestamp="2026-02-03T17:27:44.444539" hostname="C18994"><testcase classname="qa-automation.tests.integration.backend.test_blog_comprehensive.TestBlogComprehensive" name="test_create_post_with_tags" time="0.195" /><testcase classname="qa-automation.tests.integration.backend.test_blog_comprehensive.TestBlogComprehensive" name="test_create_post_with_categories" time="0.168" /><testcase classname="qa-automation.tests.integration.backend.test_blog_comprehensive.TestBlogComprehensive" name="test_search_by_title" time="0.075" /><testcase classname="qa-automation.tests.integration.backend.test_blog_comprehensive.TestBlogComprehensive" name="test_search_by_content" time="0.073" /><testcase classname="qa-automation.tests.integration.backend.test_blog_comprehensive.TestBlogComprehensive" name="test_filter_posts_by_category" time="0.123" /><testcase classname="qa-automation.tests.integration.backend.test_blog_comprehensive.TestBlogComprehensive" name="test_filter_posts_by_tag" time="0.075" /><testcase classname="qa-automation.tests.integration.backend.test_blog_comprehensive.TestBlogComprehensive" name="test_get_post_by_slug" time="0.084" /><testcase classname="qa-automation.tests.integration.backend.test_blog_comprehensive.TestBlogComprehensive" name="test_create_nested_comment" time="0.119"><failure message="assert 400 == 201&#10; +  where 400 = &lt;WrapperTestResponse streamed [400 BAD REQUEST]&gt;.status_code">self = &lt;test_blog_comprehensive.TestBlogComprehensive object at 0x1096a0550&gt;
client = &lt;FlaskClient &lt;Flask 'app'&gt;&gt;
auth_headers = {'Authorization': 'Bearer eyJhbGciOiJIUzI1NiIsInR5cCI6IkpXVCJ9.eyJmcmVzaCI6ZmFsc2UsImlhdCI6MTc3MDEzMjQ2NSwianRpIjoiNDQ...zdiOTNmMmEtZmI2YS00MDk0LThmZTEtOTVkYmQzYTZlZWM4IiwiZXhwIjoxNzcwMTMyNzY1fQ.R9UtQILRtGfRS7RPrGq5X863pgTZ29XWZA1b0JOCvDo'}
db_session = &lt;sqlalchemy.orm.scoping.scoped_session object at 0x109326120&gt;
test_user = &lt;User tracey76&gt;

    def test_create_nested_comment(self, client, auth_headers, db_session, test_user):
        """Test creating nested comment (reply)"""
        slug = PostModel.generate_slug('Comment Post')
        post = Post(
            title='Comment Post',
            content='Content',
            slug=slug,
            user_id=test_user.id,
            is_published=True
        )
        db_session.add(post)
        db_session.commit()
    
        # Create parent comment
        parent_comment = Comment(
            content='Parent comment',
            post_id=post.id,
            user_id=test_user.id
        )
        db_session.add(parent_comment)
        db_session.commit()
    
        # Create reply
        response = client.post(f'/api/posts/{post.id}/comments',
            headers=auth_headers,
            json={
                'content': 'Reply comment',
                'parent_id': parent_comment.id
            }
        )
&gt;       assert response.status_code == 201
E       assert 400 == 201
E        +  where 400 = &lt;WrapperTestResponse streamed [400 BAD REQUEST]&gt;.status_code

../qa-automation/tests/integration/backend/test_blog_comprehensive.py:164: AssertionError</failure></testcase><testcase classname="qa-automation.tests.integration.backend.test_blog_comprehensive.TestBlogComprehensive" name="test_get_post_with_comments" time="0.073" /><testcase classname="qa-automation.tests.integration.backend.test_blog_comprehensive.TestBlogComprehensive" name="test_view_count_increment" time="0.072" /><testcase classname="qa-automation.tests.integration.backend.test_blog_comprehensive.TestBlogComprehensive" name="test_update_post_tags" time="0.120" /><testcase classname="qa-automation.tests.integration.backend.test_blog_comprehensive.TestBlogComprehensive" name="test_update_post_categories" time="0.168" /><testcase classname="qa-automation.tests.integration.backend.test_blog_comprehensive.TestBlogComprehensive" name="test_search_with_category_filter" time="0.119" /><testcase classname="qa-automation.tests.integration.backend.test_blog_comprehensive.TestBlogComprehensive" name="test_search_with_tag_filter" time="0.072" /><testcase classname="qa-automation.tests.integration.backend.test_blog_comprehensive.TestBlogComprehensive" name="test_post_excerpt" time="0.119" /><testcase classname="qa-automation.tests.integration.backend.test_blog_comprehensive.TestBlogComprehensive" name="test_unauthorized_post_access" time="0.165" /><testcase classname="qa-automation.tests.integration.backend.test_blog_comprehensive.TestBlogComprehensive" name="test_empty_search_results" time="0.024" /><testcase classname="qa-automation.tests.integration.backend.test_blog_comprehensive.TestBlogComprehensive" name="test_invalid_post_id" time="0.022" /><testcase classname="qa-automation.tests.integration.backend.test_blog_comprehensive.TestBlogComprehensive" name="test_invalid_slug" time="0.022" /><testcase classname="qa-automation.tests.integration.backend.test_blog_comprehensive.TestBlogComprehensive" name="test_comment_on_nonexistent_post" time="0.118" /><testcase classname="qa-automation.tests.integration.backend.test_blog_comprehensive.TestBlogComprehensive" name="test_comment_validation" time="0.117" /><testcase classname="qa-automation.tests.integration.backend.test_blog_comprehensive.TestBlogComprehensive" name="test_post_validation" time="0.117" /><testcase classname="qa-automation.tests.integration.backend.test_comprehensive_api_suite.TestAuthentication" name="test_register_user_success" time="0.074" /><testcase classname="qa-automation.tests.integration.backend.test_comprehensive_api_suite.TestAuthentication" name="test_register_user_duplicate_username" time="0.084"><failure message="sqlalchemy.orm.exc.DetachedInstanceError: Instance &lt;User at 0x10b6e8bb0&gt; is not bound to a Session; attribute refresh operation cannot proceed (Background on this error at: https://sqlalche.me/e/20/bhk3)">self = &lt;test_comprehensive_api_suite.TestAuthentication object at 0x1096ec050&gt;
client = &lt;FlaskClient &lt;Flask 'app'&gt;&gt;
regular_user = &lt;[DetachedInstanceError('Instance &lt;User at 0x10b6e8bb0&gt; is not bound to a Session; attribute refresh operation cannot proceed') raised in repr()] User object at 0x10b6e8bb0&gt;

    def test_register_user_duplicate_username(self, client, regular_user):
        """Test registration with duplicate username"""
        response = client.post('/api/auth/register', json={
&gt;           'username': regular_user.username,
            'email': 'different@example.com',
            'password': 'password123'
        })

../qa-automation/tests/integration/backend/test_comprehensive_api_suite.py:223: 
_ _ _ _ _ _ _ _ _ _ _ _ _ _ _ _ _ _ _ _ _ _ _ _ _ _ _ _ _ _ _ _ _ _ _ _ _ _ _ _ 
venv/lib/python3.14/site-packages/sqlalchemy/orm/attributes.py:566: in __get__
    return self.impl.get(state, dict_)  # type: ignore[no-any-return]
venv/lib/python3.14/site-packages/sqlalchemy/orm/attributes.py:1086: in get
    value = self._fire_loader_callables(state, key, passive)
venv/lib/python3.14/site-packages/sqlalchemy/orm/attributes.py:1116: in _fire_loader_callables
    return state._load_expired(state, passive)
venv/lib/python3.14/site-packages/sqlalchemy/orm/state.py:803: in _load_expired
    self.manager.expired_attribute_loader(self, toload, passive)
_ _ _ _ _ _ _ _ _ _ _ _ _ _ _ _ _ _ _ _ _ _ _ _ _ _ _ _ _ _ _ _ _ _ _ _ _ _ _ _ 

mapper = &lt;Mapper at 0x1093270e0; User&gt;
state = &lt;sqlalchemy.orm.state.InstanceState object at 0x10b854180&gt;
attribute_names = {'assigned_tasks', 'assigned_tickets', 'availability_status', 'cart', 'comments', 'created_at', ...}
passive = symbol('PASSIVE_OFF')

    def load_scalar_attributes(mapper, state, attribute_names, passive):
        """initiate a column-based attribute refresh operation."""
    
        # assert mapper is _state_mapper(state)
        session = state.session
        if not session:
&gt;           raise orm_exc.DetachedInstanceError(
                "Instance %s is not bound to a Session; "
                "attribute refresh operation cannot proceed" % (state_str(state))
            )
E           sqlalchemy.orm.exc.DetachedInstanceError: Instance &lt;User at 0x10b6e8bb0&gt; is not bound to a Session; attribute refresh operation cannot proceed (Background on this error at: https://sqlalche.me/e/20/bhk3)

venv/lib/python3.14/site-packages/sqlalchemy/orm/loading.py:1603: DetachedInstanceError</failure></testcase><testcase classname="qa-automation.tests.integration.backend.test_comprehensive_api_suite.TestAuthentication" name="test_register_user_duplicate_email" time="0.072"><failure message="sqlalchemy.orm.exc.DetachedInstanceError: Instance &lt;User at 0x10b6ea270&gt; is not bound to a Session; attribute refresh operation cannot proceed (Background on this error at: https://sqlalche.me/e/20/bhk3)">self = &lt;test_comprehensive_api_suite.TestAuthentication object at 0x10960ac40&gt;
client = &lt;FlaskClient &lt;Flask 'app'&gt;&gt;
regular_user = &lt;[DetachedInstanceError('Instance &lt;User at 0x10b6ea270&gt; is not bound to a Session; attribute refresh operation cannot proceed') raised in repr()] User object at 0x10b6ea270&gt;

    def test_register_user_duplicate_email(self, client, regular_user):
        """Test registration with duplicate email"""
        response = client.post('/api/auth/register', json={
            'username': 'differentuser',
&gt;           'email': regular_user.email,
            'password': 'password123'
        })

../qa-automation/tests/integration/backend/test_comprehensive_api_suite.py:234: 
_ _ _ _ _ _ _ _ _ _ _ _ _ _ _ _ _ _ _ _ _ _ _ _ _ _ _ _ _ _ _ _ _ _ _ _ _ _ _ _ 
venv/lib/python3.14/site-packages/sqlalchemy/orm/attributes.py:566: in __get__
    return self.impl.get(state, dict_)  # type: ignore[no-any-return]
venv/lib/python3.14/site-packages/sqlalchemy/orm/attributes.py:1086: in get
    value = self._fire_loader_callables(state, key, passive)
venv/lib/python3.14/site-packages/sqlalchemy/orm/attributes.py:1116: in _fire_loader_callables
    return state._load_expired(state, passive)
venv/lib/python3.14/site-packages/sqlalchemy/orm/state.py:803: in _load_expired
    self.manager.expired_attribute_loader(self, toload, passive)
_ _ _ _ _ _ _ _ _ _ _ _ _ _ _ _ _ _ _ _ _ _ _ _ _ _ _ _ _ _ _ _ _ _ _ _ _ _ _ _ 

mapper = &lt;Mapper at 0x1093270e0; User&gt;
state = &lt;sqlalchemy.orm.state.InstanceState object at 0x10b857ce0&gt;
attribute_names = {'assigned_tasks', 'assigned_tickets', 'availability_status', 'cart', 'comments', 'created_at', ...}
passive = symbol('PASSIVE_OFF')

    def load_scalar_attributes(mapper, state, attribute_names, passive):
        """initiate a column-based attribute refresh operation."""
    
        # assert mapper is _state_mapper(state)
        session = state.session
        if not session:
&gt;           raise orm_exc.DetachedInstanceError(
                "Instance %s is not bound to a Session; "
                "attribute refresh operation cannot proceed" % (state_str(state))
            )
E           sqlalchemy.orm.exc.DetachedInstanceError: Instance &lt;User at 0x10b6ea270&gt; is not bound to a Session; attribute refresh operation cannot proceed (Background on this error at: https://sqlalche.me/e/20/bhk3)

venv/lib/python3.14/site-packages/sqlalchemy/orm/loading.py:1603: DetachedInstanceError</failure></testcase><testcase classname="qa-automation.tests.integration.backend.test_comprehensive_api_suite.TestAuthentication" name="test_register_user_missing_fields" time="0.025" /><testcase classname="qa-automation.tests.integration.backend.test_comprehensive_api_suite.TestAuthentication" name="test_register_user_invalid_email" time="0.027" /><testcase classname="qa-automation.tests.integration.backend.test_comprehensive_api_suite.TestAuthentication" name="test_login_success" time="0.073"><failure message="sqlalchemy.orm.exc.DetachedInstanceError: Instance &lt;User at 0x10b986f70&gt; is not bound to a Session; attribute refresh operation cannot proceed (Background on this error at: https://sqlalche.me/e/20/bhk3)">self = &lt;test_comprehensive_api_suite.TestAuthentication object at 0x1096d4490&gt;
client = &lt;FlaskClient &lt;Flask 'app'&gt;&gt;
regular_user = &lt;[DetachedInstanceError('Instance &lt;User at 0x10b986f70&gt; is not bound to a Session; attribute refresh operation cannot proceed') raised in repr()] User object at 0x10b986f70&gt;

    def test_login_success(self, client, regular_user):
        """Test successful login"""
        response = client.post('/api/auth/login', json={
&gt;           'username': regular_user.username,
            'password': 'password123'
        })

../qa-automation/tests/integration/backend/test_comprehensive_api_suite.py:262: 
_ _ _ _ _ _ _ _ _ _ _ _ _ _ _ _ _ _ _ _ _ _ _ _ _ _ _ _ _ _ _ _ _ _ _ _ _ _ _ _ 
venv/lib/python3.14/site-packages/sqlalchemy/orm/attributes.py:566: in __get__
    return self.impl.get(state, dict_)  # type: ignore[no-any-return]
venv/lib/python3.14/site-packages/sqlalchemy/orm/attributes.py:1086: in get
    value = self._fire_loader_callables(state, key, passive)
venv/lib/python3.14/site-packages/sqlalchemy/orm/attributes.py:1116: in _fire_loader_callables
    return state._load_expired(state, passive)
venv/lib/python3.14/site-packages/sqlalchemy/orm/state.py:803: in _load_expired
    self.manager.expired_attribute_loader(self, toload, passive)
_ _ _ _ _ _ _ _ _ _ _ _ _ _ _ _ _ _ _ _ _ _ _ _ _ _ _ _ _ _ _ _ _ _ _ _ _ _ _ _ 

mapper = &lt;Mapper at 0x1093270e0; User&gt;
state = &lt;sqlalchemy.orm.state.InstanceState object at 0x10b94a780&gt;
attribute_names = {'assigned_tasks', 'assigned_tickets', 'availability_status', 'cart', 'comments', 'created_at', ...}
passive = symbol('PASSIVE_OFF')

    def load_scalar_attributes(mapper, state, attribute_names, passive):
        """initiate a column-based attribute refresh operation."""
    
        # assert mapper is _state_mapper(state)
        session = state.session
        if not session:
&gt;           raise orm_exc.DetachedInstanceError(
                "Instance %s is not bound to a Session; "
                "attribute refresh operation cannot proceed" % (state_str(state))
            )
E           sqlalchemy.orm.exc.DetachedInstanceError: Instance &lt;User at 0x10b986f70&gt; is not bound to a Session; attribute refresh operation cannot proceed (Background on this error at: https://sqlalche.me/e/20/bhk3)

venv/lib/python3.14/site-packages/sqlalchemy/orm/loading.py:1603: DetachedInstanceError</failure></testcase><testcase classname="qa-automation.tests.integration.backend.test_comprehensive_api_suite.TestAuthentication" name="test_login_invalid_username" time="0.023" /><testcase classname="qa-automation.tests.integration.backend.test_comprehensive_api_suite.TestAuthentication" name="test_login_invalid_password" time="0.071"><failure message="sqlalchemy.orm.exc.DetachedInstanceError: Instance &lt;User at 0x10bb68460&gt; is not bound to a Session; attribute refresh operation cannot proceed (Background on this error at: https://sqlalche.me/e/20/bhk3)">self = &lt;test_comprehensive_api_suite.TestAuthentication object at 0x1096a1e50&gt;
client = &lt;FlaskClient &lt;Flask 'app'&gt;&gt;
regular_user = &lt;[DetachedInstanceError('Instance &lt;User at 0x10bb68460&gt; is not bound to a Session; attribute refresh operation cannot proceed') raised in repr()] User object at 0x10bb68460&gt;

    def test_login_invalid_password(self, client, regular_user):
        """Test login with invalid password"""
        response = client.post('/api/auth/login', json={
&gt;           'username': regular_user.username,
            'password': 'wrongpassword'
        })

../qa-automation/tests/integration/backend/test_comprehensive_api_suite.py:283: 
_ _ _ _ _ _ _ _ _ _ _ _ _ _ _ _ _ _ _ _ _ _ _ _ _ _ _ _ _ _ _ _ _ _ _ _ _ _ _ _ 
venv/lib/python3.14/site-packages/sqlalchemy/orm/attributes.py:566: in __get__
    return self.impl.get(state, dict_)  # type: ignore[no-any-return]
venv/lib/python3.14/site-packages/sqlalchemy/orm/attributes.py:1086: in get
    value = self._fire_loader_callables(state, key, passive)
venv/lib/python3.14/site-packages/sqlalchemy/orm/attributes.py:1116: in _fire_loader_callables
    return state._load_expired(state, passive)
venv/lib/python3.14/site-packages/sqlalchemy/orm/state.py:803: in _load_expired
    self.manager.expired_attribute_loader(self, toload, passive)
_ _ _ _ _ _ _ _ _ _ _ _ _ _ _ _ _ _ _ _ _ _ _ _ _ _ _ _ _ _ _ _ _ _ _ _ _ _ _ _ 

mapper = &lt;Mapper at 0x1093270e0; User&gt;
state = &lt;sqlalchemy.orm.state.InstanceState object at 0x10bbd5ba0&gt;
attribute_names = {'assigned_tasks', 'assigned_tickets', 'availability_status', 'cart', 'comments', 'created_at', ...}
passive = symbol('PASSIVE_OFF')

    def load_scalar_attributes(mapper, state, attribute_names, passive):
        """initiate a column-based attribute refresh operation."""
    
        # assert mapper is _state_mapper(state)
        session = state.session
        if not session:
&gt;           raise orm_exc.DetachedInstanceError(
                "Instance %s is not bound to a Session; "
                "attribute refresh operation cannot proceed" % (state_str(state))
            )
E           sqlalchemy.orm.exc.DetachedInstanceError: Instance &lt;User at 0x10bb68460&gt; is not bound to a Session; attribute refresh operation cannot proceed (Background on this error at: https://sqlalche.me/e/20/bhk3)

venv/lib/python3.14/site-packages/sqlalchemy/orm/loading.py:1603: DetachedInstanceError</failure></testcase><testcase classname="qa-automation.tests.integration.backend.test_comprehensive_api_suite.TestAuthentication" name="test_login_missing_fields" time="0.022" /><testcase classname="qa-automation.tests.integration.backend.test_comprehensive_api_suite.TestAuthentication" name="test_get_current_user" time="0.069"><error message="failed on setup with &quot;sqlalchemy.orm.exc.DetachedInstanceError: Instance &lt;User at 0x10bb6a270&gt; is not bound to a Session; attribute refresh operation cannot proceed (Background on this error at: https://sqlalche.me/e/20/bhk3)&quot;">app = &lt;Flask 'app'&gt;
regular_user = &lt;[DetachedInstanceError('Instance &lt;User at 0x10bb6a270&gt; is not bound to a Session; attribute refresh operation cannot proceed') raised in repr()] User object at 0x10bb6a270&gt;

    @pytest.fixture(scope='function')
    def regular_user_token(app, regular_user):
        """Get JWT token for regular user"""
        with app.app_context():
&gt;           return create_access_token(identity=regular_user.id)

../qa-automation/tests/integration/backend/test_comprehensive_api_suite.py:96: 
_ _ _ _ _ _ _ _ _ _ _ _ _ _ _ _ _ _ _ _ _ _ _ _ _ _ _ _ _ _ _ _ _ _ _ _ _ _ _ _ 
venv/lib/python3.14/site-packages/sqlalchemy/orm/attributes.py:566: in __get__
    return self.impl.get(state, dict_)  # type: ignore[no-any-return]
venv/lib/python3.14/site-packages/sqlalchemy/orm/attributes.py:1086: in get
    value = self._fire_loader_callables(state, key, passive)
venv/lib/python3.14/site-packages/sqlalchemy/orm/attributes.py:1116: in _fire_loader_callables
    return state._load_expired(state, passive)
venv/lib/python3.14/site-packages/sqlalchemy/orm/state.py:803: in _load_expired
    self.manager.expired_attribute_loader(self, toload, passive)
_ _ _ _ _ _ _ _ _ _ _ _ _ _ _ _ _ _ _ _ _ _ _ _ _ _ _ _ _ _ _ _ _ _ _ _ _ _ _ _ 

mapper = &lt;Mapper at 0x1093270e0; User&gt;
state = &lt;sqlalchemy.orm.state.InstanceState object at 0x10c210e90&gt;
attribute_names = {'assigned_tasks', 'assigned_tickets', 'availability_status', 'cart', 'comments', 'created_at', ...}
passive = symbol('PASSIVE_OFF')

    def load_scalar_attributes(mapper, state, attribute_names, passive):
        """initiate a column-based attribute refresh operation."""
    
        # assert mapper is _state_mapper(state)
        session = state.session
        if not session:
&gt;           raise orm_exc.DetachedInstanceError(
                "Instance %s is not bound to a Session; "
                "attribute refresh operation cannot proceed" % (state_str(state))
            )
E           sqlalchemy.orm.exc.DetachedInstanceError: Instance &lt;User at 0x10bb6a270&gt; is not bound to a Session; attribute refresh operation cannot proceed (Background on this error at: https://sqlalche.me/e/20/bhk3)

venv/lib/python3.14/site-packages/sqlalchemy/orm/loading.py:1603: DetachedInstanceError</error></testcase><testcase classname="qa-automation.tests.integration.backend.test_comprehensive_api_suite.TestAuthentication" name="test_get_current_user_unauthorized" time="0.022" /><testcase classname="qa-automation.tests.integration.backend.test_comprehensive_api_suite.TestUserManagement" name="test_get_users_list_success" time="0.069"><error message="failed on setup with &quot;sqlalchemy.orm.exc.DetachedInstanceError: Instance &lt;User at 0x10bb6a4e0&gt; is not bound to a Session; attribute refresh operation cannot proceed (Background on this error at: https://sqlalche.me/e/20/bhk3)&quot;">app = &lt;Flask 'app'&gt;
regular_user = &lt;[DetachedInstanceError('Instance &lt;User at 0x10bb6a4e0&gt; is not bound to a Session; attribute refresh operation cannot proceed') raised in repr()] User object at 0x10bb6a4e0&gt;

    @pytest.fixture(scope='function')
    def regular_user_token(app, regular_user):
        """Get JWT token for regular user"""
        with app.app_context():
&gt;           return create_access_token(identity=regular_user.id)

../qa-automation/tests/integration/backend/test_comprehensive_api_suite.py:96: 
_ _ _ _ _ _ _ _ _ _ _ _ _ _ _ _ _ _ _ _ _ _ _ _ _ _ _ _ _ _ _ _ _ _ _ _ _ _ _ _ 
venv/lib/python3.14/site-packages/sqlalchemy/orm/attributes.py:566: in __get__
    return self.impl.get(state, dict_)  # type: ignore[no-any-return]
venv/lib/python3.14/site-packages/sqlalchemy/orm/attributes.py:1086: in get
    value = self._fire_loader_callables(state, key, passive)
venv/lib/python3.14/site-packages/sqlalchemy/orm/attributes.py:1116: in _fire_loader_callables
    return state._load_expired(state, passive)
venv/lib/python3.14/site-packages/sqlalchemy/orm/state.py:803: in _load_expired
    self.manager.expired_attribute_loader(self, toload, passive)
_ _ _ _ _ _ _ _ _ _ _ _ _ _ _ _ _ _ _ _ _ _ _ _ _ _ _ _ _ _ _ _ _ _ _ _ _ _ _ _ 

mapper = &lt;Mapper at 0x1093270e0; User&gt;
state = &lt;sqlalchemy.orm.state.InstanceState object at 0x10bf7fce0&gt;
attribute_names = {'assigned_tasks', 'assigned_tickets', 'availability_status', 'cart', 'comments', 'created_at', ...}
passive = symbol('PASSIVE_OFF')

    def load_scalar_attributes(mapper, state, attribute_names, passive):
        """initiate a column-based attribute refresh operation."""
    
        # assert mapper is _state_mapper(state)
        session = state.session
        if not session:
&gt;           raise orm_exc.DetachedInstanceError(
                "Instance %s is not bound to a Session; "
                "attribute refresh operation cannot proceed" % (state_str(state))
            )
E           sqlalchemy.orm.exc.DetachedInstanceError: Instance &lt;User at 0x10bb6a4e0&gt; is not bound to a Session; attribute refresh operation cannot proceed (Background on this error at: https://sqlalche.me/e/20/bhk3)

venv/lib/python3.14/site-packages/sqlalchemy/orm/loading.py:1603: DetachedInstanceError</error></testcase><testcase classname="qa-automation.tests.integration.backend.test_comprehensive_api_suite.TestUserManagement" name="test_get_users_list_pagination" time="0.069"><error message="failed on setup with &quot;sqlalchemy.orm.exc.DetachedInstanceError: Instance &lt;User at 0x10c460fc0&gt; is not bound to a Session; attribute refresh operation cannot proceed (Background on this error at: https://sqlalche.me/e/20/bhk3)&quot;">app = &lt;Flask 'app'&gt;
regular_user = &lt;[DetachedInstanceError('Instance &lt;User at 0x10c460fc0&gt; is not bound to a Session; attribute refresh operation cannot proceed') raised in repr()] User object at 0x10c460fc0&gt;

    @pytest.fixture(scope='function')
    def regular_user_token(app, regular_user):
        """Get JWT token for regular user"""
        with app.app_context():
&gt;           return create_access_token(identity=regular_user.id)

../qa-automation/tests/integration/backend/test_comprehensive_api_suite.py:96: 
_ _ _ _ _ _ _ _ _ _ _ _ _ _ _ _ _ _ _ _ _ _ _ _ _ _ _ _ _ _ _ _ _ _ _ _ _ _ _ _ 
venv/lib/python3.14/site-packages/sqlalchemy/orm/attributes.py:566: in __get__
    return self.impl.get(state, dict_)  # type: ignore[no-any-return]
venv/lib/python3.14/site-packages/sqlalchemy/orm/attributes.py:1086: in get
    value = self._fire_loader_callables(state, key, passive)
venv/lib/python3.14/site-packages/sqlalchemy/orm/attributes.py:1116: in _fire_loader_callables
    return state._load_expired(state, passive)
venv/lib/python3.14/site-packages/sqlalchemy/orm/state.py:803: in _load_expired
    self.manager.expired_attribute_loader(self, toload, passive)
_ _ _ _ _ _ _ _ _ _ _ _ _ _ _ _ _ _ _ _ _ _ _ _ _ _ _ _ _ _ _ _ _ _ _ _ _ _ _ _ 

mapper = &lt;Mapper at 0x1093270e0; User&gt;
state = &lt;sqlalchemy.orm.state.InstanceState object at 0x10c44f820&gt;
attribute_names = {'assigned_tasks', 'assigned_tickets', 'availability_status', 'cart', 'comments', 'created_at', ...}
passive = symbol('PASSIVE_OFF')

    def load_scalar_attributes(mapper, state, attribute_names, passive):
        """initiate a column-based attribute refresh operation."""
    
        # assert mapper is _state_mapper(state)
        session = state.session
        if not session:
&gt;           raise orm_exc.DetachedInstanceError(
                "Instance %s is not bound to a Session; "
                "attribute refresh operation cannot proceed" % (state_str(state))
            )
E           sqlalchemy.orm.exc.DetachedInstanceError: Instance &lt;User at 0x10c460fc0&gt; is not bound to a Session; attribute refresh operation cannot proceed (Background on this error at: https://sqlalche.me/e/20/bhk3)

venv/lib/python3.14/site-packages/sqlalchemy/orm/loading.py:1603: DetachedInstanceError</error></testcase><testcase classname="qa-automation.tests.integration.backend.test_comprehensive_api_suite.TestUserManagement" name="test_get_users_list_unauthorized" time="0.022" /><testcase classname="qa-automation.tests.integration.backend.test_comprehensive_api_suite.TestUserManagement" name="test_get_user_by_id_success" time="0.069"><error message="failed on setup with &quot;sqlalchemy.orm.exc.DetachedInstanceError: Instance &lt;User at 0x10c462b60&gt; is not bound to a Session; attribute refresh operation cannot proceed (Background on this error at: https://sqlalche.me/e/20/bhk3)&quot;">app = &lt;Flask 'app'&gt;
regular_user = &lt;[DetachedInstanceError('Instance &lt;User at 0x10c462b60&gt; is not bound to a Session; attribute refresh operation cannot proceed') raised in repr()] User object at 0x10c462b60&gt;

    @pytest.fixture(scope='function')
    def regular_user_token(app, regular_user):
        """Get JWT token for regular user"""
        with app.app_context():
&gt;           return create_access_token(identity=regular_user.id)

../qa-automation/tests/integration/backend/test_comprehensive_api_suite.py:96: 
_ _ _ _ _ _ _ _ _ _ _ _ _ _ _ _ _ _ _ _ _ _ _ _ _ _ _ _ _ _ _ _ _ _ _ _ _ _ _ _ 
venv/lib/python3.14/site-packages/sqlalchemy/orm/attributes.py:566: in __get__
    return self.impl.get(state, dict_)  # type: ignore[no-any-return]
venv/lib/python3.14/site-packages/sqlalchemy/orm/attributes.py:1086: in get
    value = self._fire_loader_callables(state, key, passive)
venv/lib/python3.14/site-packages/sqlalchemy/orm/attributes.py:1116: in _fire_loader_callables
    return state._load_expired(state, passive)
venv/lib/python3.14/site-packages/sqlalchemy/orm/state.py:803: in _load_expired
    self.manager.expired_attribute_loader(self, toload, passive)
_ _ _ _ _ _ _ _ _ _ _ _ _ _ _ _ _ _ _ _ _ _ _ _ _ _ _ _ _ _ _ _ _ _ _ _ _ _ _ _ 

mapper = &lt;Mapper at 0x1093270e0; User&gt;
state = &lt;sqlalchemy.orm.state.InstanceState object at 0x10c7528b0&gt;
attribute_names = {'assigned_tasks', 'assigned_tickets', 'availability_status', 'cart', 'comments', 'created_at', ...}
passive = symbol('PASSIVE_OFF')

    def load_scalar_attributes(mapper, state, attribute_names, passive):
        """initiate a column-based attribute refresh operation."""
    
        # assert mapper is _state_mapper(state)
        session = state.session
        if not session:
&gt;           raise orm_exc.DetachedInstanceError(
                "Instance %s is not bound to a Session; "
                "attribute refresh operation cannot proceed" % (state_str(state))
            )
E           sqlalchemy.orm.exc.DetachedInstanceError: Instance &lt;User at 0x10c462b60&gt; is not bound to a Session; attribute refresh operation cannot proceed (Background on this error at: https://sqlalche.me/e/20/bhk3)

venv/lib/python3.14/site-packages/sqlalchemy/orm/loading.py:1603: DetachedInstanceError</error></testcase><testcase classname="qa-automation.tests.integration.backend.test_comprehensive_api_suite.TestUserManagement" name="test_get_user_by_id_not_found" time="0.069"><error message="failed on setup with &quot;sqlalchemy.orm.exc.DetachedInstanceError: Instance &lt;User at 0x10b525710&gt; is not bound to a Session; attribute refresh operation cannot proceed (Background on this error at: https://sqlalche.me/e/20/bhk3)&quot;">app = &lt;Flask 'app'&gt;
regular_user = &lt;[DetachedInstanceError('Instance &lt;User at 0x10b525710&gt; is not bound to a Session; attribute refresh operation cannot proceed') raised in repr()] User object at 0x10b525710&gt;

    @pytest.fixture(scope='function')
    def regular_user_token(app, regular_user):
        """Get JWT token for regular user"""
        with app.app_context():
&gt;           return create_access_token(identity=regular_user.id)

../qa-automation/tests/integration/backend/test_comprehensive_api_suite.py:96: 
_ _ _ _ _ _ _ _ _ _ _ _ _ _ _ _ _ _ _ _ _ _ _ _ _ _ _ _ _ _ _ _ _ _ _ _ _ _ _ _ 
venv/lib/python3.14/site-packages/sqlalchemy/orm/attributes.py:566: in __get__
    return self.impl.get(state, dict_)  # type: ignore[no-any-return]
venv/lib/python3.14/site-packages/sqlalchemy/orm/attributes.py:1086: in get
    value = self._fire_loader_callables(state, key, passive)
venv/lib/python3.14/site-packages/sqlalchemy/orm/attributes.py:1116: in _fire_loader_callables
    return state._load_expired(state, passive)
venv/lib/python3.14/site-packages/sqlalchemy/orm/state.py:803: in _load_expired
    self.manager.expired_attribute_loader(self, toload, passive)
_ _ _ _ _ _ _ _ _ _ _ _ _ _ _ _ _ _ _ _ _ _ _ _ _ _ _ _ _ _ _ _ _ _ _ _ _ _ _ _ 

mapper = &lt;Mapper at 0x1093270e0; User&gt;
state = &lt;sqlalchemy.orm.state.InstanceState object at 0x10c2bd0f0&gt;
attribute_names = {'assigned_tasks', 'assigned_tickets', 'availability_status', 'cart', 'comments', 'created_at', ...}
passive = symbol('PASSIVE_OFF')

    def load_scalar_attributes(mapper, state, attribute_names, passive):
        """initiate a column-based attribute refresh operation."""
    
        # assert mapper is _state_mapper(state)
        session = state.session
        if not session:
&gt;           raise orm_exc.DetachedInstanceError(
                "Instance %s is not bound to a Session; "
                "attribute refresh operation cannot proceed" % (state_str(state))
            )
E           sqlalchemy.orm.exc.DetachedInstanceError: Instance &lt;User at 0x10b525710&gt; is not bound to a Session; attribute refresh operation cannot proceed (Background on this error at: https://sqlalche.me/e/20/bhk3)

venv/lib/python3.14/site-packages/sqlalchemy/orm/loading.py:1603: DetachedInstanceError</error></testcase><testcase classname="qa-automation.tests.integration.backend.test_comprehensive_api_suite.TestUserManagement" name="test_get_user_by_id_unauthorized" time="0.069"><failure message="sqlalchemy.orm.exc.DetachedInstanceError: Instance &lt;User at 0x10c463790&gt; is not bound to a Session; attribute refresh operation cannot proceed (Background on this error at: https://sqlalche.me/e/20/bhk3)">self = &lt;test_comprehensive_api_suite.TestUserManagement object at 0x1096d46b0&gt;
client = &lt;FlaskClient &lt;Flask 'app'&gt;&gt;
regular_user = &lt;[DetachedInstanceError('Instance &lt;User at 0x10c463790&gt; is not bound to a Session; attribute refresh operation cannot proceed') raised in repr()] User object at 0x10c463790&gt;

    def test_get_user_by_id_unauthorized(self, client, regular_user):
        """Test GET /api/users/&lt;id&gt; without authentication"""
&gt;       response = client.get(f'/api/users/{regular_user.id}')

../qa-automation/tests/integration/backend/test_comprehensive_api_suite.py:364: 
_ _ _ _ _ _ _ _ _ _ _ _ _ _ _ _ _ _ _ _ _ _ _ _ _ _ _ _ _ _ _ _ _ _ _ _ _ _ _ _ 
venv/lib/python3.14/site-packages/sqlalchemy/orm/attributes.py:566: in __get__
    return self.impl.get(state, dict_)  # type: ignore[no-any-return]
venv/lib/python3.14/site-packages/sqlalchemy/orm/attributes.py:1086: in get
    value = self._fire_loader_callables(state, key, passive)
venv/lib/python3.14/site-packages/sqlalchemy/orm/attributes.py:1116: in _fire_loader_callables
    return state._load_expired(state, passive)
venv/lib/python3.14/site-packages/sqlalchemy/orm/state.py:803: in _load_expired
    self.manager.expired_attribute_loader(self, toload, passive)
_ _ _ _ _ _ _ _ _ _ _ _ _ _ _ _ _ _ _ _ _ _ _ _ _ _ _ _ _ _ _ _ _ _ _ _ _ _ _ _ 

mapper = &lt;Mapper at 0x1093270e0; User&gt;
state = &lt;sqlalchemy.orm.state.InstanceState object at 0x10c384b00&gt;
attribute_names = {'assigned_tasks', 'assigned_tickets', 'availability_status', 'cart', 'comments', 'created_at', ...}
passive = symbol('PASSIVE_OFF')

    def load_scalar_attributes(mapper, state, attribute_names, passive):
        """initiate a column-based attribute refresh operation."""
    
        # assert mapper is _state_mapper(state)
        session = state.session
        if not session:
&gt;           raise orm_exc.DetachedInstanceError(
                "Instance %s is not bound to a Session; "
                "attribute refresh operation cannot proceed" % (state_str(state))
            )
E           sqlalchemy.orm.exc.DetachedInstanceError: Instance &lt;User at 0x10c463790&gt; is not bound to a Session; attribute refresh operation cannot proceed (Background on this error at: https://sqlalche.me/e/20/bhk3)

venv/lib/python3.14/site-packages/sqlalchemy/orm/loading.py:1603: DetachedInstanceError</failure></testcase><testcase classname="qa-automation.tests.integration.backend.test_comprehensive_api_suite.TestUserManagement" name="test_update_user_own_profile" time="0.069"><error message="failed on setup with &quot;sqlalchemy.orm.exc.DetachedInstanceError: Instance &lt;User at 0x10c787790&gt; is not bound to a Session; attribute refresh operation cannot proceed (Background on this error at: https://sqlalche.me/e/20/bhk3)&quot;">app = &lt;Flask 'app'&gt;
regular_user = &lt;[DetachedInstanceError('Instance &lt;User at 0x10c787790&gt; is not bound to a Session; attribute refresh operation cannot proceed') raised in repr()] User object at 0x10c787790&gt;

    @pytest.fixture(scope='function')
    def regular_user_token(app, regular_user):
        """Get JWT token for regular user"""
        with app.app_context():
&gt;           return create_access_token(identity=regular_user.id)

../qa-automation/tests/integration/backend/test_comprehensive_api_suite.py:96: 
_ _ _ _ _ _ _ _ _ _ _ _ _ _ _ _ _ _ _ _ _ _ _ _ _ _ _ _ _ _ _ _ _ _ _ _ _ _ _ _ 
venv/lib/python3.14/site-packages/sqlalchemy/orm/attributes.py:566: in __get__
    return self.impl.get(state, dict_)  # type: ignore[no-any-return]
venv/lib/python3.14/site-packages/sqlalchemy/orm/attributes.py:1086: in get
    value = self._fire_loader_callables(state, key, passive)
venv/lib/python3.14/site-packages/sqlalchemy/orm/attributes.py:1116: in _fire_loader_callables
    return state._load_expired(state, passive)
venv/lib/python3.14/site-packages/sqlalchemy/orm/state.py:803: in _load_expired
    self.manager.expired_attribute_loader(self, toload, passive)
_ _ _ _ _ _ _ _ _ _ _ _ _ _ _ _ _ _ _ _ _ _ _ _ _ _ _ _ _ _ _ _ _ _ _ _ _ _ _ _ 

mapper = &lt;Mapper at 0x1093270e0; User&gt;
state = &lt;sqlalchemy.orm.state.InstanceState object at 0x10c4103e0&gt;
attribute_names = {'assigned_tasks', 'assigned_tickets', 'availability_status', 'cart', 'comments', 'created_at', ...}
passive = symbol('PASSIVE_OFF')

    def load_scalar_attributes(mapper, state, attribute_names, passive):
        """initiate a column-based attribute refresh operation."""
    
        # assert mapper is _state_mapper(state)
        session = state.session
        if not session:
&gt;           raise orm_exc.DetachedInstanceError(
                "Instance %s is not bound to a Session; "
                "attribute refresh operation cannot proceed" % (state_str(state))
            )
E           sqlalchemy.orm.exc.DetachedInstanceError: Instance &lt;User at 0x10c787790&gt; is not bound to a Session; attribute refresh operation cannot proceed (Background on this error at: https://sqlalche.me/e/20/bhk3)

venv/lib/python3.14/site-packages/sqlalchemy/orm/loading.py:1603: DetachedInstanceError</error></testcase><testcase classname="qa-automation.tests.integration.backend.test_comprehensive_api_suite.TestUserManagement" name="test_update_user_other_user_forbidden" time="0.072"><error message="failed on setup with &quot;sqlalchemy.orm.exc.DetachedInstanceError: Instance &lt;User at 0x10c784530&gt; is not bound to a Session; attribute refresh operation cannot proceed (Background on this error at: https://sqlalche.me/e/20/bhk3)&quot;">app = &lt;Flask 'app'&gt;
regular_user = &lt;[DetachedInstanceError('Instance &lt;User at 0x10c784530&gt; is not bound to a Session; attribute refresh operation cannot proceed') raised in repr()] User object at 0x10c784530&gt;

    @pytest.fixture(scope='function')
    def regular_user_token(app, regular_user):
        """Get JWT token for regular user"""
        with app.app_context():
&gt;           return create_access_token(identity=regular_user.id)

../qa-automation/tests/integration/backend/test_comprehensive_api_suite.py:96: 
_ _ _ _ _ _ _ _ _ _ _ _ _ _ _ _ _ _ _ _ _ _ _ _ _ _ _ _ _ _ _ _ _ _ _ _ _ _ _ _ 
venv/lib/python3.14/site-packages/sqlalchemy/orm/attributes.py:566: in __get__
    return self.impl.get(state, dict_)  # type: ignore[no-any-return]
venv/lib/python3.14/site-packages/sqlalchemy/orm/attributes.py:1086: in get
    value = self._fire_loader_callables(state, key, passive)
venv/lib/python3.14/site-packages/sqlalchemy/orm/attributes.py:1116: in _fire_loader_callables
    return state._load_expired(state, passive)
venv/lib/python3.14/site-packages/sqlalchemy/orm/state.py:803: in _load_expired
    self.manager.expired_attribute_loader(self, toload, passive)
_ _ _ _ _ _ _ _ _ _ _ _ _ _ _ _ _ _ _ _ _ _ _ _ _ _ _ _ _ _ _ _ _ _ _ _ _ _ _ _ 

mapper = &lt;Mapper at 0x1093270e0; User&gt;
state = &lt;sqlalchemy.orm.state.InstanceState object at 0x10c413ce0&gt;
attribute_names = {'assigned_tasks', 'assigned_tickets', 'availability_status', 'cart', 'comments', 'created_at', ...}
passive = symbol('PASSIVE_OFF')

    def load_scalar_attributes(mapper, state, attribute_names, passive):
        """initiate a column-based attribute refresh operation."""
    
        # assert mapper is _state_mapper(state)
        session = state.session
        if not session:
&gt;           raise orm_exc.DetachedInstanceError(
                "Instance %s is not bound to a Session; "
                "attribute refresh operation cannot proceed" % (state_str(state))
            )
E           sqlalchemy.orm.exc.DetachedInstanceError: Instance &lt;User at 0x10c784530&gt; is not bound to a Session; attribute refresh operation cannot proceed (Background on this error at: https://sqlalche.me/e/20/bhk3)

venv/lib/python3.14/site-packages/sqlalchemy/orm/loading.py:1603: DetachedInstanceError</error></testcase><testcase classname="qa-automation.tests.integration.backend.test_comprehensive_api_suite.TestUserManagement" name="test_update_user_as_admin" time="0.071"><error message="failed on setup with &quot;sqlalchemy.orm.exc.DetachedInstanceError: Instance &lt;User at 0x10c785f30&gt; is not bound to a Session; attribute refresh operation cannot proceed (Background on this error at: https://sqlalche.me/e/20/bhk3)&quot;">app = &lt;Flask 'app'&gt;
admin_user = &lt;[DetachedInstanceError('Instance &lt;User at 0x10c785f30&gt; is not bound to a Session; attribute refresh operation cannot proceed') raised in repr()] User object at 0x10c785f30&gt;

    @pytest.fixture(scope='function')
    def admin_user_token(app, admin_user):
        """Get JWT token for admin user"""
        with app.app_context():
&gt;           return create_access_token(identity=admin_user.id)

../qa-automation/tests/integration/backend/test_comprehensive_api_suite.py:103: 
_ _ _ _ _ _ _ _ _ _ _ _ _ _ _ _ _ _ _ _ _ _ _ _ _ _ _ _ _ _ _ _ _ _ _ _ _ _ _ _ 
venv/lib/python3.14/site-packages/sqlalchemy/orm/attributes.py:566: in __get__
    return self.impl.get(state, dict_)  # type: ignore[no-any-return]
venv/lib/python3.14/site-packages/sqlalchemy/orm/attributes.py:1086: in get
    value = self._fire_loader_callables(state, key, passive)
venv/lib/python3.14/site-packages/sqlalchemy/orm/attributes.py:1116: in _fire_loader_callables
    return state._load_expired(state, passive)
venv/lib/python3.14/site-packages/sqlalchemy/orm/state.py:803: in _load_expired
    self.manager.expired_attribute_loader(self, toload, passive)
_ _ _ _ _ _ _ _ _ _ _ _ _ _ _ _ _ _ _ _ _ _ _ _ _ _ _ _ _ _ _ _ _ _ _ _ _ _ _ _ 

mapper = &lt;Mapper at 0x1093270e0; User&gt;
state = &lt;sqlalchemy.orm.state.InstanceState object at 0x10c9c76f0&gt;
attribute_names = {'assigned_tasks', 'assigned_tickets', 'availability_status', 'cart', 'comments', 'created_at', ...}
passive = symbol('PASSIVE_OFF')

    def load_scalar_attributes(mapper, state, attribute_names, passive):
        """initiate a column-based attribute refresh operation."""
    
        # assert mapper is _state_mapper(state)
        session = state.session
        if not session:
&gt;           raise orm_exc.DetachedInstanceError(
                "Instance %s is not bound to a Session; "
                "attribute refresh operation cannot proceed" % (state_str(state))
            )
E           sqlalchemy.orm.exc.DetachedInstanceError: Instance &lt;User at 0x10c785f30&gt; is not bound to a Session; attribute refresh operation cannot proceed (Background on this error at: https://sqlalche.me/e/20/bhk3)

venv/lib/python3.14/site-packages/sqlalchemy/orm/loading.py:1603: DetachedInstanceError</error></testcase><testcase classname="qa-automation.tests.integration.backend.test_comprehensive_api_suite.TestUserManagement" name="test_update_user_invalid_email" time="0.071"><error message="failed on setup with &quot;sqlalchemy.orm.exc.DetachedInstanceError: Instance &lt;User at 0x10c9ac870&gt; is not bound to a Session; attribute refresh operation cannot proceed (Background on this error at: https://sqlalche.me/e/20/bhk3)&quot;">app = &lt;Flask 'app'&gt;
regular_user = &lt;[DetachedInstanceError('Instance &lt;User at 0x10c9ac870&gt; is not bound to a Session; attribute refresh operation cannot proceed') raised in repr()] User object at 0x10c9ac870&gt;

    @pytest.fixture(scope='function')
    def regular_user_token(app, regular_user):
        """Get JWT token for regular user"""
        with app.app_context():
&gt;           return create_access_token(identity=regular_user.id)

../qa-automation/tests/integration/backend/test_comprehensive_api_suite.py:96: 
_ _ _ _ _ _ _ _ _ _ _ _ _ _ _ _ _ _ _ _ _ _ _ _ _ _ _ _ _ _ _ _ _ _ _ _ _ _ _ _ 
venv/lib/python3.14/site-packages/sqlalchemy/orm/attributes.py:566: in __get__
    return self.impl.get(state, dict_)  # type: ignore[no-any-return]
venv/lib/python3.14/site-packages/sqlalchemy/orm/attributes.py:1086: in get
    value = self._fire_loader_callables(state, key, passive)
venv/lib/python3.14/site-packages/sqlalchemy/orm/attributes.py:1116: in _fire_loader_callables
    return state._load_expired(state, passive)
venv/lib/python3.14/site-packages/sqlalchemy/orm/state.py:803: in _load_expired
    self.manager.expired_attribute_loader(self, toload, passive)
_ _ _ _ _ _ _ _ _ _ _ _ _ _ _ _ _ _ _ _ _ _ _ _ _ _ _ _ _ _ _ _ _ _ _ _ _ _ _ _ 

mapper = &lt;Mapper at 0x1093270e0; User&gt;
state = &lt;sqlalchemy.orm.state.InstanceState object at 0x10c9bf100&gt;
attribute_names = {'assigned_tasks', 'assigned_tickets', 'availability_status', 'cart', 'comments', 'created_at', ...}
passive = symbol('PASSIVE_OFF')

    def load_scalar_attributes(mapper, state, attribute_names, passive):
        """initiate a column-based attribute refresh operation."""
    
        # assert mapper is _state_mapper(state)
        session = state.session
        if not session:
&gt;           raise orm_exc.DetachedInstanceError(
                "Instance %s is not bound to a Session; "
                "attribute refresh operation cannot proceed" % (state_str(state))
            )
E           sqlalchemy.orm.exc.DetachedInstanceError: Instance &lt;User at 0x10c9ac870&gt; is not bound to a Session; attribute refresh operation cannot proceed (Background on this error at: https://sqlalche.me/e/20/bhk3)

venv/lib/python3.14/site-packages/sqlalchemy/orm/loading.py:1603: DetachedInstanceError</error></testcase><testcase classname="qa-automation.tests.integration.backend.test_comprehensive_api_suite.TestUserManagement" name="test_update_user_duplicate_email" time="0.070"><error message="failed on setup with &quot;sqlalchemy.orm.exc.DetachedInstanceError: Instance &lt;User at 0x10c9adcc0&gt; is not bound to a Session; attribute refresh operation cannot proceed (Background on this error at: https://sqlalche.me/e/20/bhk3)&quot;">app = &lt;Flask 'app'&gt;
regular_user = &lt;[DetachedInstanceError('Instance &lt;User at 0x10c9adcc0&gt; is not bound to a Session; attribute refresh operation cannot proceed') raised in repr()] User object at 0x10c9adcc0&gt;

    @pytest.fixture(scope='function')
    def regular_user_token(app, regular_user):
        """Get JWT token for regular user"""
        with app.app_context():
&gt;           return create_access_token(identity=regular_user.id)

../qa-automation/tests/integration/backend/test_comprehensive_api_suite.py:96: 
_ _ _ _ _ _ _ _ _ _ _ _ _ _ _ _ _ _ _ _ _ _ _ _ _ _ _ _ _ _ _ _ _ _ _ _ _ _ _ _ 
venv/lib/python3.14/site-packages/sqlalchemy/orm/attributes.py:566: in __get__
    return self.impl.get(state, dict_)  # type: ignore[no-any-return]
venv/lib/python3.14/site-packages/sqlalchemy/orm/attributes.py:1086: in get
    value = self._fire_loader_callables(state, key, passive)
venv/lib/python3.14/site-packages/sqlalchemy/orm/attributes.py:1116: in _fire_loader_callables
    return state._load_expired(state, passive)
venv/lib/python3.14/site-packages/sqlalchemy/orm/state.py:803: in _load_expired
    self.manager.expired_attribute_loader(self, toload, passive)
_ _ _ _ _ _ _ _ _ _ _ _ _ _ _ _ _ _ _ _ _ _ _ _ _ _ _ _ _ _ _ _ _ _ _ _ _ _ _ _ 

mapper = &lt;Mapper at 0x1093270e0; User&gt;
state = &lt;sqlalchemy.orm.state.InstanceState object at 0x10cbfab10&gt;
attribute_names = {'assigned_tasks', 'assigned_tickets', 'availability_status', 'cart', 'comments', 'created_at', ...}
passive = symbol('PASSIVE_OFF')

    def load_scalar_attributes(mapper, state, attribute_names, passive):
        """initiate a column-based attribute refresh operation."""
    
        # assert mapper is _state_mapper(state)
        session = state.session
        if not session:
&gt;           raise orm_exc.DetachedInstanceError(
                "Instance %s is not bound to a Session; "
                "attribute refresh operation cannot proceed" % (state_str(state))
            )
E           sqlalchemy.orm.exc.DetachedInstanceError: Instance &lt;User at 0x10c9adcc0&gt; is not bound to a Session; attribute refresh operation cannot proceed (Background on this error at: https://sqlalche.me/e/20/bhk3)

venv/lib/python3.14/site-packages/sqlalchemy/orm/loading.py:1603: DetachedInstanceError</error></testcase><testcase classname="qa-automation.tests.integration.backend.test_comprehensive_api_suite.TestUserManagement" name="test_update_user_role_as_non_admin" time="0.070"><error message="failed on setup with &quot;sqlalchemy.orm.exc.DetachedInstanceError: Instance &lt;User at 0x10c9af450&gt; is not bound to a Session; attribute refresh operation cannot proceed (Background on this error at: https://sqlalche.me/e/20/bhk3)&quot;">app = &lt;Flask 'app'&gt;
regular_user = &lt;[DetachedInstanceError('Instance &lt;User at 0x10c9af450&gt; is not bound to a Session; attribute refresh operation cannot proceed') raised in repr()] User object at 0x10c9af450&gt;

    @pytest.fixture(scope='function')
    def regular_user_token(app, regular_user):
        """Get JWT token for regular user"""
        with app.app_context():
&gt;           return create_access_token(identity=regular_user.id)

../qa-automation/tests/integration/backend/test_comprehensive_api_suite.py:96: 
_ _ _ _ _ _ _ _ _ _ _ _ _ _ _ _ _ _ _ _ _ _ _ _ _ _ _ _ _ _ _ _ _ _ _ _ _ _ _ _ 
venv/lib/python3.14/site-packages/sqlalchemy/orm/attributes.py:566: in __get__
    return self.impl.get(state, dict_)  # type: ignore[no-any-return]
venv/lib/python3.14/site-packages/sqlalchemy/orm/attributes.py:1086: in get
    value = self._fire_loader_callables(state, key, passive)
venv/lib/python3.14/site-packages/sqlalchemy/orm/attributes.py:1116: in _fire_loader_callables
    return state._load_expired(state, passive)
venv/lib/python3.14/site-packages/sqlalchemy/orm/state.py:803: in _load_expired
    self.manager.expired_attribute_loader(self, toload, passive)
_ _ _ _ _ _ _ _ _ _ _ _ _ _ _ _ _ _ _ _ _ _ _ _ _ _ _ _ _ _ _ _ _ _ _ _ _ _ _ _ 

mapper = &lt;Mapper at 0x1093270e0; User&gt;
state = &lt;sqlalchemy.orm.state.InstanceState object at 0x10ca52520&gt;
attribute_names = {'assigned_tasks', 'assigned_tickets', 'availability_status', 'cart', 'comments', 'created_at', ...}
passive = symbol('PASSIVE_OFF')

    def load_scalar_attributes(mapper, state, attribute_names, passive):
        """initiate a column-based attribute refresh operation."""
    
        # assert mapper is _state_mapper(state)
        session = state.session
        if not session:
&gt;           raise orm_exc.DetachedInstanceError(
                "Instance %s is not bound to a Session; "
                "attribute refresh operation cannot proceed" % (state_str(state))
            )
E           sqlalchemy.orm.exc.DetachedInstanceError: Instance &lt;User at 0x10c9af450&gt; is not bound to a Session; attribute refresh operation cannot proceed (Background on this error at: https://sqlalche.me/e/20/bhk3)

venv/lib/python3.14/site-packages/sqlalchemy/orm/loading.py:1603: DetachedInstanceError</error></testcase><testcase classname="qa-automation.tests.integration.backend.test_comprehensive_api_suite.TestUserManagement" name="test_update_user_role_as_admin" time="0.136"><error message="failed on setup with &quot;sqlalchemy.orm.exc.DetachedInstanceError: Instance &lt;User at 0x10c9aea90&gt; is not bound to a Session; attribute refresh operation cannot proceed (Background on this error at: https://sqlalche.me/e/20/bhk3)&quot;">app = &lt;Flask 'app'&gt;
admin_user = &lt;[DetachedInstanceError('Instance &lt;User at 0x10c9aea90&gt; is not bound to a Session; attribute refresh operation cannot proceed') raised in repr()] User object at 0x10c9aea90&gt;

    @pytest.fixture(scope='function')
    def admin_user_token(app, admin_user):
        """Get JWT token for admin user"""
        with app.app_context():
&gt;           return create_access_token(identity=admin_user.id)

../qa-automation/tests/integration/backend/test_comprehensive_api_suite.py:103: 
_ _ _ _ _ _ _ _ _ _ _ _ _ _ _ _ _ _ _ _ _ _ _ _ _ _ _ _ _ _ _ _ _ _ _ _ _ _ _ _ 
venv/lib/python3.14/site-packages/sqlalchemy/orm/attributes.py:566: in __get__
    return self.impl.get(state, dict_)  # type: ignore[no-any-return]
venv/lib/python3.14/site-packages/sqlalchemy/orm/attributes.py:1086: in get
    value = self._fire_loader_callables(state, key, passive)
venv/lib/python3.14/site-packages/sqlalchemy/orm/attributes.py:1116: in _fire_loader_callables
    return state._load_expired(state, passive)
venv/lib/python3.14/site-packages/sqlalchemy/orm/state.py:803: in _load_expired
    self.manager.expired_attribute_loader(self, toload, passive)
_ _ _ _ _ _ _ _ _ _ _ _ _ _ _ _ _ _ _ _ _ _ _ _ _ _ _ _ _ _ _ _ _ _ _ _ _ _ _ _ 

mapper = &lt;Mapper at 0x1093270e0; User&gt;
state = &lt;sqlalchemy.orm.state.InstanceState object at 0x10c06df30&gt;
attribute_names = {'assigned_tasks', 'assigned_tickets', 'availability_status', 'cart', 'comments', 'created_at', ...}
passive = symbol('PASSIVE_OFF')

    def load_scalar_attributes(mapper, state, attribute_names, passive):
        """initiate a column-based attribute refresh operation."""
    
        # assert mapper is _state_mapper(state)
        session = state.session
        if not session:
&gt;           raise orm_exc.DetachedInstanceError(
                "Instance %s is not bound to a Session; "
                "attribute refresh operation cannot proceed" % (state_str(state))
            )
E           sqlalchemy.orm.exc.DetachedInstanceError: Instance &lt;User at 0x10c9aea90&gt; is not bound to a Session; attribute refresh operation cannot proceed (Background on this error at: https://sqlalche.me/e/20/bhk3)

venv/lib/python3.14/site-packages/sqlalchemy/orm/loading.py:1603: DetachedInstanceError</error></testcase><testcase classname="qa-automation.tests.integration.backend.test_comprehensive_api_suite.TestUserManagement" name="test_delete_user_own_profile" time="0.075"><error message="failed on setup with &quot;sqlalchemy.orm.exc.DetachedInstanceError: Instance &lt;User at 0x10c0872b0&gt; is not bound to a Session; attribute refresh operation cannot proceed (Background on this error at: https://sqlalche.me/e/20/bhk3)&quot;">app = &lt;Flask 'app'&gt;
regular_user = &lt;[DetachedInstanceError('Instance &lt;User at 0x10c0872b0&gt; is not bound to a Session; attribute refresh operation cannot proceed') raised in repr()] User object at 0x10c0872b0&gt;

    @pytest.fixture(scope='function')
    def regular_user_token(app, regular_user):
        """Get JWT token for regular user"""
        with app.app_context():
&gt;           return create_access_token(identity=regular_user.id)

../qa-automation/tests/integration/backend/test_comprehensive_api_suite.py:96: 
_ _ _ _ _ _ _ _ _ _ _ _ _ _ _ _ _ _ _ _ _ _ _ _ _ _ _ _ _ _ _ _ _ _ _ _ _ _ _ _ 
venv/lib/python3.14/site-packages/sqlalchemy/orm/attributes.py:566: in __get__
    return self.impl.get(state, dict_)  # type: ignore[no-any-return]
venv/lib/python3.14/site-packages/sqlalchemy/orm/attributes.py:1086: in get
    value = self._fire_loader_callables(state, key, passive)
venv/lib/python3.14/site-packages/sqlalchemy/orm/attributes.py:1116: in _fire_loader_callables
    return state._load_expired(state, passive)
venv/lib/python3.14/site-packages/sqlalchemy/orm/state.py:803: in _load_expired
    self.manager.expired_attribute_loader(self, toload, passive)
_ _ _ _ _ _ _ _ _ _ _ _ _ _ _ _ _ _ _ _ _ _ _ _ _ _ _ _ _ _ _ _ _ _ _ _ _ _ _ _ 

mapper = &lt;Mapper at 0x1093270e0; User&gt;
state = &lt;sqlalchemy.orm.state.InstanceState object at 0x10c6cd940&gt;
attribute_names = {'assigned_tasks', 'assigned_tickets', 'availability_status', 'cart', 'comments', 'created_at', ...}
passive = symbol('PASSIVE_OFF')

    def load_scalar_attributes(mapper, state, attribute_names, passive):
        """initiate a column-based attribute refresh operation."""
    
        # assert mapper is _state_mapper(state)
        session = state.session
        if not session:
&gt;           raise orm_exc.DetachedInstanceError(
                "Instance %s is not bound to a Session; "
                "attribute refresh operation cannot proceed" % (state_str(state))
            )
E           sqlalchemy.orm.exc.DetachedInstanceError: Instance &lt;User at 0x10c0872b0&gt; is not bound to a Session; attribute refresh operation cannot proceed (Background on this error at: https://sqlalche.me/e/20/bhk3)

venv/lib/python3.14/site-packages/sqlalchemy/orm/loading.py:1603: DetachedInstanceError</error></testcase><testcase classname="qa-automation.tests.integration.backend.test_comprehensive_api_suite.TestUserManagement" name="test_delete_user_other_user_forbidden" time="0.078"><error message="failed on setup with &quot;sqlalchemy.orm.exc.DetachedInstanceError: Instance &lt;User at 0x10c087ad0&gt; is not bound to a Session; attribute refresh operation cannot proceed (Background on this error at: https://sqlalche.me/e/20/bhk3)&quot;">app = &lt;Flask 'app'&gt;
regular_user = &lt;[DetachedInstanceError('Instance &lt;User at 0x10c087ad0&gt; is not bound to a Session; attribute refresh operation cannot proceed') raised in repr()] User object at 0x10c087ad0&gt;

    @pytest.fixture(scope='function')
    def regular_user_token(app, regular_user):
        """Get JWT token for regular user"""
        with app.app_context():
&gt;           return create_access_token(identity=regular_user.id)

../qa-automation/tests/integration/backend/test_comprehensive_api_suite.py:96: 
_ _ _ _ _ _ _ _ _ _ _ _ _ _ _ _ _ _ _ _ _ _ _ _ _ _ _ _ _ _ _ _ _ _ _ _ _ _ _ _ 
venv/lib/python3.14/site-packages/sqlalchemy/orm/attributes.py:566: in __get__
    return self.impl.get(state, dict_)  # type: ignore[no-any-return]
venv/lib/python3.14/site-packages/sqlalchemy/orm/attributes.py:1086: in get
    value = self._fire_loader_callables(state, key, passive)
venv/lib/python3.14/site-packages/sqlalchemy/orm/attributes.py:1116: in _fire_loader_callables
    return state._load_expired(state, passive)
venv/lib/python3.14/site-packages/sqlalchemy/orm/state.py:803: in _load_expired
    self.manager.expired_attribute_loader(self, toload, passive)
_ _ _ _ _ _ _ _ _ _ _ _ _ _ _ _ _ _ _ _ _ _ _ _ _ _ _ _ _ _ _ _ _ _ _ _ _ _ _ _ 

mapper = &lt;Mapper at 0x1093270e0; User&gt;
state = &lt;sqlalchemy.orm.state.InstanceState object at 0x10c61d350&gt;
attribute_names = {'assigned_tasks', 'assigned_tickets', 'availability_status', 'cart', 'comments', 'created_at', ...}
passive = symbol('PASSIVE_OFF')

    def load_scalar_attributes(mapper, state, attribute_names, passive):
        """initiate a column-based attribute refresh operation."""
    
        # assert mapper is _state_mapper(state)
        session = state.session
        if not session:
&gt;           raise orm_exc.DetachedInstanceError(
                "Instance %s is not bound to a Session; "
                "attribute refresh operation cannot proceed" % (state_str(state))
            )
E           sqlalchemy.orm.exc.DetachedInstanceError: Instance &lt;User at 0x10c087ad0&gt; is not bound to a Session; attribute refresh operation cannot proceed (Background on this error at: https://sqlalche.me/e/20/bhk3)

venv/lib/python3.14/site-packages/sqlalchemy/orm/loading.py:1603: DetachedInstanceError</error></testcase><testcase classname="qa-automation.tests.integration.backend.test_comprehensive_api_suite.TestUserManagement" name="test_delete_user_as_admin" time="0.095"><error message="failed on setup with &quot;sqlalchemy.orm.exc.DetachedInstanceError: Instance &lt;User at 0x10b987c70&gt; is not bound to a Session; attribute refresh operation cannot proceed (Background on this error at: https://sqlalche.me/e/20/bhk3)&quot;">app = &lt;Flask 'app'&gt;
admin_user = &lt;[DetachedInstanceError('Instance &lt;User at 0x10b987c70&gt; is not bound to a Session; attribute refresh operation cannot proceed') raised in repr()] User object at 0x10b987c70&gt;

    @pytest.fixture(scope='function')
    def admin_user_token(app, admin_user):
        """Get JWT token for admin user"""
        with app.app_context():
&gt;           return create_access_token(identity=admin_user.id)

../qa-automation/tests/integration/backend/test_comprehensive_api_suite.py:103: 
_ _ _ _ _ _ _ _ _ _ _ _ _ _ _ _ _ _ _ _ _ _ _ _ _ _ _ _ _ _ _ _ _ _ _ _ _ _ _ _ 
venv/lib/python3.14/site-packages/sqlalchemy/orm/attributes.py:566: in __get__
    return self.impl.get(state, dict_)  # type: ignore[no-any-return]
venv/lib/python3.14/site-packages/sqlalchemy/orm/attributes.py:1086: in get
    value = self._fire_loader_callables(state, key, passive)
venv/lib/python3.14/site-packages/sqlalchemy/orm/attributes.py:1116: in _fire_loader_callables
    return state._load_expired(state, passive)
venv/lib/python3.14/site-packages/sqlalchemy/orm/state.py:803: in _load_expired
    self.manager.expired_attribute_loader(self, toload, passive)
_ _ _ _ _ _ _ _ _ _ _ _ _ _ _ _ _ _ _ _ _ _ _ _ _ _ _ _ _ _ _ _ _ _ _ _ _ _ _ _ 

mapper = &lt;Mapper at 0x1093270e0; User&gt;
state = &lt;sqlalchemy.orm.state.InstanceState object at 0x10c61f5c0&gt;
attribute_names = {'assigned_tasks', 'assigned_tickets', 'availability_status', 'cart', 'comments', 'created_at', ...}
passive = symbol('PASSIVE_OFF')

    def load_scalar_attributes(mapper, state, attribute_names, passive):
        """initiate a column-based attribute refresh operation."""
    
        # assert mapper is _state_mapper(state)
        session = state.session
        if not session:
&gt;           raise orm_exc.DetachedInstanceError(
                "Instance %s is not bound to a Session; "
                "attribute refresh operation cannot proceed" % (state_str(state))
            )
E           sqlalchemy.orm.exc.DetachedInstanceError: Instance &lt;User at 0x10b987c70&gt; is not bound to a Session; attribute refresh operation cannot proceed (Background on this error at: https://sqlalche.me/e/20/bhk3)

venv/lib/python3.14/site-packages/sqlalchemy/orm/loading.py:1603: DetachedInstanceError</error></testcase><testcase classname="qa-automation.tests.integration.backend.test_comprehensive_api_suite.TestUserManagement" name="test_delete_user_not_found" time="0.074"><error message="failed on setup with &quot;sqlalchemy.orm.exc.DetachedInstanceError: Instance &lt;User at 0x10c084460&gt; is not bound to a Session; attribute refresh operation cannot proceed (Background on this error at: https://sqlalche.me/e/20/bhk3)&quot;">app = &lt;Flask 'app'&gt;
admin_user = &lt;[DetachedInstanceError('Instance &lt;User at 0x10c084460&gt; is not bound to a Session; attribute refresh operation cannot proceed') raised in repr()] User object at 0x10c084460&gt;

    @pytest.fixture(scope='function')
    def admin_user_token(app, admin_user):
        """Get JWT token for admin user"""
        with app.app_context():
&gt;           return create_access_token(identity=admin_user.id)

../qa-automation/tests/integration/backend/test_comprehensive_api_suite.py:103: 
_ _ _ _ _ _ _ _ _ _ _ _ _ _ _ _ _ _ _ _ _ _ _ _ _ _ _ _ _ _ _ _ _ _ _ _ _ _ _ _ 
venv/lib/python3.14/site-packages/sqlalchemy/orm/attributes.py:566: in __get__
    return self.impl.get(state, dict_)  # type: ignore[no-any-return]
venv/lib/python3.14/site-packages/sqlalchemy/orm/attributes.py:1086: in get
    value = self._fire_loader_callables(state, key, passive)
venv/lib/python3.14/site-packages/sqlalchemy/orm/attributes.py:1116: in _fire_loader_callables
    return state._load_expired(state, passive)
venv/lib/python3.14/site-packages/sqlalchemy/orm/state.py:803: in _load_expired
    self.manager.expired_attribute_loader(self, toload, passive)
_ _ _ _ _ _ _ _ _ _ _ _ _ _ _ _ _ _ _ _ _ _ _ _ _ _ _ _ _ _ _ _ _ _ _ _ _ _ _ _ 

mapper = &lt;Mapper at 0x1093270e0; User&gt;
state = &lt;sqlalchemy.orm.state.InstanceState object at 0x10ce7afd0&gt;
attribute_names = {'assigned_tasks', 'assigned_tickets', 'availability_status', 'cart', 'comments', 'created_at', ...}
passive = symbol('PASSIVE_OFF')

    def load_scalar_attributes(mapper, state, attribute_names, passive):
        """initiate a column-based attribute refresh operation."""
    
        # assert mapper is _state_mapper(state)
        session = state.session
        if not session:
&gt;           raise orm_exc.DetachedInstanceError(
                "Instance %s is not bound to a Session; "
                "attribute refresh operation cannot proceed" % (state_str(state))
            )
E           sqlalchemy.orm.exc.DetachedInstanceError: Instance &lt;User at 0x10c084460&gt; is not bound to a Session; attribute refresh operation cannot proceed (Background on this error at: https://sqlalche.me/e/20/bhk3)

venv/lib/python3.14/site-packages/sqlalchemy/orm/loading.py:1603: DetachedInstanceError</error></testcase><testcase classname="qa-automation.tests.integration.backend.test_comprehensive_api_suite.TestUserManagement" name="test_delete_user_unauthorized" time="0.076"><failure message="sqlalchemy.orm.exc.DetachedInstanceError: Instance &lt;User at 0x10cef0390&gt; is not bound to a Session; attribute refresh operation cannot proceed (Background on this error at: https://sqlalche.me/e/20/bhk3)">self = &lt;test_comprehensive_api_suite.TestUserManagement object at 0x10970c260&gt;
client = &lt;FlaskClient &lt;Flask 'app'&gt;&gt;
regular_user = &lt;[DetachedInstanceError('Instance &lt;User at 0x10cef0390&gt; is not bound to a Session; attribute refresh operation cannot proceed') raised in repr()] User object at 0x10cef0390&gt;

    def test_delete_user_unauthorized(self, client, regular_user):
        """Test DELETE /api/users/&lt;id&gt; without authentication"""
&gt;       response = client.delete(f'/api/users/{regular_user.id}')

../qa-automation/tests/integration/backend/test_comprehensive_api_suite.py:504: 
_ _ _ _ _ _ _ _ _ _ _ _ _ _ _ _ _ _ _ _ _ _ _ _ _ _ _ _ _ _ _ _ _ _ _ _ _ _ _ _ 
venv/lib/python3.14/site-packages/sqlalchemy/orm/attributes.py:566: in __get__
    return self.impl.get(state, dict_)  # type: ignore[no-any-return]
venv/lib/python3.14/site-packages/sqlalchemy/orm/attributes.py:1086: in get
    value = self._fire_loader_callables(state, key, passive)
venv/lib/python3.14/site-packages/sqlalchemy/orm/attributes.py:1116: in _fire_loader_callables
    return state._load_expired(state, passive)
venv/lib/python3.14/site-packages/sqlalchemy/orm/state.py:803: in _load_expired
    self.manager.expired_attribute_loader(self, toload, passive)
_ _ _ _ _ _ _ _ _ _ _ _ _ _ _ _ _ _ _ _ _ _ _ _ _ _ _ _ _ _ _ _ _ _ _ _ _ _ _ _ 

mapper = &lt;Mapper at 0x1093270e0; User&gt;
state = &lt;sqlalchemy.orm.state.InstanceState object at 0x10cff69e0&gt;
attribute_names = {'assigned_tasks', 'assigned_tickets', 'availability_status', 'cart', 'comments', 'created_at', ...}
passive = symbol('PASSIVE_OFF')

    def load_scalar_attributes(mapper, state, attribute_names, passive):
        """initiate a column-based attribute refresh operation."""
    
        # assert mapper is _state_mapper(state)
        session = state.session
        if not session:
&gt;           raise orm_exc.DetachedInstanceError(
                "Instance %s is not bound to a Session; "
                "attribute refresh operation cannot proceed" % (state_str(state))
            )
E           sqlalchemy.orm.exc.DetachedInstanceError: Instance &lt;User at 0x10cef0390&gt; is not bound to a Session; attribute refresh operation cannot proceed (Background on this error at: https://sqlalche.me/e/20/bhk3)

venv/lib/python3.14/site-packages/sqlalchemy/orm/loading.py:1603: DetachedInstanceError</failure></testcase><testcase classname="qa-automation.tests.integration.backend.test_comprehensive_api_suite.TestProductCatalog" name="test_get_products_list_success" time="0.030" /><testcase classname="qa-automation.tests.integration.backend.test_comprehensive_api_suite.TestProductCatalog" name="test_get_products_list_pagination" time="0.028" /><testcase classname="qa-automation.tests.integration.backend.test_comprehensive_api_suite.TestProductCatalog" name="test_get_products_filter_by_category" time="0.028" /><testcase classname="qa-automation.tests.integration.backend.test_comprehensive_api_suite.TestProductCatalog" name="test_get_products_search" time="0.026" /><testcase classname="qa-automation.tests.integration.backend.test_comprehensive_api_suite.TestProductCatalog" name="test_get_products_in_stock_only" time="0.027" /><testcase classname="qa-automation.tests.integration.backend.test_comprehensive_api_suite.TestProductCatalog" name="test_get_product_by_id_success" time="0.033"><failure message="sqlalchemy.orm.exc.DetachedInstanceError: Instance &lt;Product at 0x10c5c6c50&gt; is not bound to a Session; attribute refresh operation cannot proceed (Background on this error at: https://sqlalche.me/e/20/bhk3)">self = &lt;test_comprehensive_api_suite.TestProductCatalog object at 0x1096d49e0&gt;
client = &lt;FlaskClient &lt;Flask 'app'&gt;&gt;
sample_products = [&lt;[DetachedInstanceError('Instance &lt;Product at 0x10c5c6c50&gt; is not bound to a Session; attribute refresh operation can... not bound to a Session; attribute refresh operation cannot proceed') raised in repr()] Product object at 0x10c5c6250&gt;]

    def test_get_product_by_id_success(self, client, sample_products):
        """Test GET /api/products/&lt;id&gt; - get product by ID"""
        product = sample_products[0]
&gt;       response = client.get(f'/api/products/{product.id}')

../qa-automation/tests/integration/backend/test_comprehensive_api_suite.py:563: 
_ _ _ _ _ _ _ _ _ _ _ _ _ _ _ _ _ _ _ _ _ _ _ _ _ _ _ _ _ _ _ _ _ _ _ _ _ _ _ _ 
venv/lib/python3.14/site-packages/sqlalchemy/orm/attributes.py:566: in __get__
    return self.impl.get(state, dict_)  # type: ignore[no-any-return]
venv/lib/python3.14/site-packages/sqlalchemy/orm/attributes.py:1086: in get
    value = self._fire_loader_callables(state, key, passive)
venv/lib/python3.14/site-packages/sqlalchemy/orm/attributes.py:1116: in _fire_loader_callables
    return state._load_expired(state, passive)
venv/lib/python3.14/site-packages/sqlalchemy/orm/state.py:803: in _load_expired
    self.manager.expired_attribute_loader(self, toload, passive)
_ _ _ _ _ _ _ _ _ _ _ _ _ _ _ _ _ _ _ _ _ _ _ _ _ _ _ _ _ _ _ _ _ _ _ _ _ _ _ _ 

mapper = &lt;Mapper at 0x1093ee660; Product&gt;
state = &lt;sqlalchemy.orm.state.InstanceState object at 0x10cc6fce0&gt;
attribute_names = {'badge_text', 'badge_type', 'cart_items', 'category', 'colors', 'created_at', ...}
passive = symbol('PASSIVE_OFF')

    def load_scalar_attributes(mapper, state, attribute_names, passive):
        """initiate a column-based attribute refresh operation."""
    
        # assert mapper is _state_mapper(state)
        session = state.session
        if not session:
&gt;           raise orm_exc.DetachedInstanceError(
                "Instance %s is not bound to a Session; "
                "attribute refresh operation cannot proceed" % (state_str(state))
            )
E           sqlalchemy.orm.exc.DetachedInstanceError: Instance &lt;Product at 0x10c5c6c50&gt; is not bound to a Session; attribute refresh operation cannot proceed (Background on this error at: https://sqlalche.me/e/20/bhk3)

venv/lib/python3.14/site-packages/sqlalchemy/orm/loading.py:1603: DetachedInstanceError</failure></testcase><testcase classname="qa-automation.tests.integration.backend.test_comprehensive_api_suite.TestProductCatalog" name="test_get_product_by_id_not_found" time="0.027" /><testcase classname="qa-automation.tests.integration.backend.test_comprehensive_api_suite.TestProductCatalog" name="test_get_products_max_per_page_limit" time="0.029" /><testcase classname="qa-automation.tests.integration.backend.test_comprehensive_api_suite.TestOrders" name="test_get_orders_list_success" time="0.077"><error message="failed on setup with &quot;sqlalchemy.orm.exc.DetachedInstanceError: Instance &lt;User at 0x10d6107a0&gt; is not bound to a Session; attribute refresh operation cannot proceed (Background on this error at: https://sqlalche.me/e/20/bhk3)&quot;">app = &lt;Flask 'app'&gt;
regular_user = &lt;[DetachedInstanceError('Instance &lt;User at 0x10d6107a0&gt; is not bound to a Session; attribute refresh operation cannot proceed') raised in repr()] User object at 0x10d6107a0&gt;

    @pytest.fixture(scope='function')
    def regular_user_token(app, regular_user):
        """Get JWT token for regular user"""
        with app.app_context():
&gt;           return create_access_token(identity=regular_user.id)

../qa-automation/tests/integration/backend/test_comprehensive_api_suite.py:96: 
_ _ _ _ _ _ _ _ _ _ _ _ _ _ _ _ _ _ _ _ _ _ _ _ _ _ _ _ _ _ _ _ _ _ _ _ _ _ _ _ 
venv/lib/python3.14/site-packages/sqlalchemy/orm/attributes.py:566: in __get__
    return self.impl.get(state, dict_)  # type: ignore[no-any-return]
venv/lib/python3.14/site-packages/sqlalchemy/orm/attributes.py:1086: in get
    value = self._fire_loader_callables(state, key, passive)
venv/lib/python3.14/site-packages/sqlalchemy/orm/attributes.py:1116: in _fire_loader_callables
    return state._load_expired(state, passive)
venv/lib/python3.14/site-packages/sqlalchemy/orm/state.py:803: in _load_expired
    self.manager.expired_attribute_loader(self, toload, passive)
_ _ _ _ _ _ _ _ _ _ _ _ _ _ _ _ _ _ _ _ _ _ _ _ _ _ _ _ _ _ _ _ _ _ _ _ _ _ _ _ 

mapper = &lt;Mapper at 0x1093270e0; User&gt;
state = &lt;sqlalchemy.orm.state.InstanceState object at 0x10d64e9e0&gt;
attribute_names = {'assigned_tasks', 'assigned_tickets', 'availability_status', 'cart', 'comments', 'created_at', ...}
passive = symbol('PASSIVE_OFF')

    def load_scalar_attributes(mapper, state, attribute_names, passive):
        """initiate a column-based attribute refresh operation."""
    
        # assert mapper is _state_mapper(state)
        session = state.session
        if not session:
&gt;           raise orm_exc.DetachedInstanceError(
                "Instance %s is not bound to a Session; "
                "attribute refresh operation cannot proceed" % (state_str(state))
            )
E           sqlalchemy.orm.exc.DetachedInstanceError: Instance &lt;User at 0x10d6107a0&gt; is not bound to a Session; attribute refresh operation cannot proceed (Background on this error at: https://sqlalche.me/e/20/bhk3)

venv/lib/python3.14/site-packages/sqlalchemy/orm/loading.py:1603: DetachedInstanceError</error></testcase><testcase classname="qa-automation.tests.integration.backend.test_comprehensive_api_suite.TestOrders" name="test_get_orders_list_empty" time="0.074"><error message="failed on setup with &quot;sqlalchemy.orm.exc.DetachedInstanceError: Instance &lt;User at 0x10d6117e0&gt; is not bound to a Session; attribute refresh operation cannot proceed (Background on this error at: https://sqlalche.me/e/20/bhk3)&quot;">app = &lt;Flask 'app'&gt;
admin_user = &lt;[DetachedInstanceError('Instance &lt;User at 0x10d6117e0&gt; is not bound to a Session; attribute refresh operation cannot proceed') raised in repr()] User object at 0x10d6117e0&gt;

    @pytest.fixture(scope='function')
    def admin_user_token(app, admin_user):
        """Get JWT token for admin user"""
        with app.app_context():
&gt;           return create_access_token(identity=admin_user.id)

../qa-automation/tests/integration/backend/test_comprehensive_api_suite.py:103: 
_ _ _ _ _ _ _ _ _ _ _ _ _ _ _ _ _ _ _ _ _ _ _ _ _ _ _ _ _ _ _ _ _ _ _ _ _ _ _ _ 
venv/lib/python3.14/site-packages/sqlalchemy/orm/attributes.py:566: in __get__
    return self.impl.get(state, dict_)  # type: ignore[no-any-return]
venv/lib/python3.14/site-packages/sqlalchemy/orm/attributes.py:1086: in get
    value = self._fire_loader_callables(state, key, passive)
venv/lib/python3.14/site-packages/sqlalchemy/orm/attributes.py:1116: in _fire_loader_callables
    return state._load_expired(state, passive)
venv/lib/python3.14/site-packages/sqlalchemy/orm/state.py:803: in _load_expired
    self.manager.expired_attribute_loader(self, toload, passive)
_ _ _ _ _ _ _ _ _ _ _ _ _ _ _ _ _ _ _ _ _ _ _ _ _ _ _ _ _ _ _ _ _ _ _ _ _ _ _ _ 

mapper = &lt;Mapper at 0x1093270e0; User&gt;
state = &lt;sqlalchemy.orm.state.InstanceState object at 0x10dab23f0&gt;
attribute_names = {'assigned_tasks', 'assigned_tickets', 'availability_status', 'cart', 'comments', 'created_at', ...}
passive = symbol('PASSIVE_OFF')

    def load_scalar_attributes(mapper, state, attribute_names, passive):
        """initiate a column-based attribute refresh operation."""
    
        # assert mapper is _state_mapper(state)
        session = state.session
        if not session:
&gt;           raise orm_exc.DetachedInstanceError(
                "Instance %s is not bound to a Session; "
                "attribute refresh operation cannot proceed" % (state_str(state))
            )
E           sqlalchemy.orm.exc.DetachedInstanceError: Instance &lt;User at 0x10d6117e0&gt; is not bound to a Session; attribute refresh operation cannot proceed (Background on this error at: https://sqlalche.me/e/20/bhk3)

venv/lib/python3.14/site-packages/sqlalchemy/orm/loading.py:1603: DetachedInstanceError</error></testcase><testcase classname="qa-automation.tests.integration.backend.test_comprehensive_api_suite.TestOrders" name="test_get_orders_list_unauthorized" time="0.025" /><testcase classname="qa-automation.tests.integration.backend.test_comprehensive_api_suite.TestOrders" name="test_get_orders_list_pagination" time="0.079"><error message="failed on setup with &quot;sqlalchemy.orm.exc.DetachedInstanceError: Instance &lt;User at 0x10d612b60&gt; is not bound to a Session; attribute refresh operation cannot proceed (Background on this error at: https://sqlalche.me/e/20/bhk3)&quot;">app = &lt;Flask 'app'&gt;
regular_user = &lt;[DetachedInstanceError('Instance &lt;User at 0x10d612b60&gt; is not bound to a Session; attribute refresh operation cannot proceed') raised in repr()] User object at 0x10d612b60&gt;

    @pytest.fixture(scope='function')
    def regular_user_token(app, regular_user):
        """Get JWT token for regular user"""
        with app.app_context():
&gt;           return create_access_token(identity=regular_user.id)

../qa-automation/tests/integration/backend/test_comprehensive_api_suite.py:96: 
_ _ _ _ _ _ _ _ _ _ _ _ _ _ _ _ _ _ _ _ _ _ _ _ _ _ _ _ _ _ _ _ _ _ _ _ _ _ _ _ 
venv/lib/python3.14/site-packages/sqlalchemy/orm/attributes.py:566: in __get__
    return self.impl.get(state, dict_)  # type: ignore[no-any-return]
venv/lib/python3.14/site-packages/sqlalchemy/orm/attributes.py:1086: in get
    value = self._fire_loader_callables(state, key, passive)
venv/lib/python3.14/site-packages/sqlalchemy/orm/attributes.py:1116: in _fire_loader_callables
    return state._load_expired(state, passive)
venv/lib/python3.14/site-packages/sqlalchemy/orm/state.py:803: in _load_expired
    self.manager.expired_attribute_loader(self, toload, passive)
_ _ _ _ _ _ _ _ _ _ _ _ _ _ _ _ _ _ _ _ _ _ _ _ _ _ _ _ _ _ _ _ _ _ _ _ _ _ _ _ 

mapper = &lt;Mapper at 0x1093270e0; User&gt;
state = &lt;sqlalchemy.orm.state.InstanceState object at 0x10db35480&gt;
attribute_names = {'assigned_tasks', 'assigned_tickets', 'availability_status', 'cart', 'comments', 'created_at', ...}
passive = symbol('PASSIVE_OFF')

    def load_scalar_attributes(mapper, state, attribute_names, passive):
        """initiate a column-based attribute refresh operation."""
    
        # assert mapper is _state_mapper(state)
        session = state.session
        if not session:
&gt;           raise orm_exc.DetachedInstanceError(
                "Instance %s is not bound to a Session; "
                "attribute refresh operation cannot proceed" % (state_str(state))
            )
[...]
db_session = &lt;sqlalchemy.orm.scoping.scoped_session object at 0x109326120&gt;
test_agent = &lt;User testagent&gt;

    def test_update_priority_recalculates_sla(self, client, auth_headers, db_session, test_agent):
        """Test priority change recalculates SLA (FR-020)"""
        ticket = Ticket(
            ticket_number=Ticket.generate_ticket_number(),
            subject='Test Ticket',
            description='This is a detailed description that meets the minimum length requirement.',
            category=Ticket.CATEGORY_GENERAL,
            customer_email='test@test.com',
            assigned_to_id=test_agent.id,
            priority=Ticket.PRIORITY_MEDIUM,
            status=Ticket.STATUS_ASSIGNED
        )
        ticket.calculate_sla_deadlines()
        original_deadline = ticket.sla_resolution_deadline
        db_session.add(ticket)
        db_session.commit()
    
        response = client.put(f'/api/tickets/{ticket.id}/priority',
            headers=auth_headers,
            json={
                'priority': Ticket.PRIORITY_URGENT,
                'reason': 'Escalated due to business criticality'
            }
        )
&gt;       assert response.status_code == 200
E       assert 403 == 200
E        +  where 403 = &lt;WrapperTestResponse streamed [403 FORBIDDEN]&gt;.status_code

../qa-automation/tests/integration/backend/test_ticket_system_comprehensive.py:693: AssertionError</failure></testcase><testcase classname="qa-automation.tests.integration.backend.test_ticket_system_comprehensive.TestRoleBasedAccessControl" name="test_customer_can_view_own_tickets" time="0.130" /><testcase classname="qa-automation.tests.integration.backend.test_ticket_system_comprehensive.TestRoleBasedAccessControl" name="test_customer_cannot_view_other_tickets" time="0.125" /><testcase classname="qa-automation.tests.integration.backend.test_ticket_system_comprehensive.TestRoleBasedAccessControl" name="test_agent_can_view_assigned_tickets" time="0.221" /><testcase classname="qa-automation.tests.integration.backend.test_ticket_system_comprehensive.TestRoleBasedAccessControl" name="test_agent_can_view_unassigned_tickets" time="0.120" /><testcase classname="qa-automation.tests.integration.backend.test_ticket_system_comprehensive.TestRoleBasedAccessControl" name="test_admin_can_view_all_tickets" time="0.124" /><testcase classname="qa-automation.tests.integration.backend.test_ticket_system_comprehensive.TestRoleBasedAccessControl" name="test_customer_cannot_update_ticket_status" time="0.127" /><testcase classname="qa-automation.tests.integration.backend.test_ticket_system_comprehensive.TestErrorHandling" name="test_create_ticket_missing_required_fields" time="0.109" /><testcase classname="qa-automation.tests.integration.backend.test_ticket_system_comprehensive.TestErrorHandling" name="test_get_nonexistent_ticket" time="0.120" /><testcase classname="qa-automation.tests.integration.backend.test_ticket_system_comprehensive.TestErrorHandling" name="test_update_ticket_with_invalid_data" time="0.169"><failure message="assert 403 == 400&#10; +  where 403 = &lt;WrapperTestResponse streamed [403 FORBIDDEN]&gt;.status_code">self = &lt;test_ticket_system_comprehensive.TestErrorHandling object at 0x10973a060&gt;
client = &lt;FlaskClient &lt;Flask 'app'&gt;&gt;
auth_headers = {'Authorization': 'Bearer eyJhbGciOiJIUzI1NiIsInR5cCI6IkpXVCJ9.eyJmcmVzaCI6ZmFsc2UsImlhdCI6MTc3MDEzMjQ5NSwianRpIjoiMTh...Tk5ZjlkNTAtYWQyNi00NTY4LThiMDUtN2UzZTJhODQwYzY2IiwiZXhwIjoxNzcwMTMyNzk1fQ.2SJ1kaIepToagpmaX4vKTLC6XY0IRARnQhl5EriYmBA'}
db_session = &lt;sqlalchemy.orm.scoping.scoped_session object at 0x109326120&gt;
test_agent = &lt;User testagent&gt;

    def test_update_ticket_with_invalid_data(self, client, auth_headers, db_session, test_agent):
        """Test error handling for invalid update data"""
        ticket = Ticket(
            ticket_number=Ticket.generate_ticket_number(),
            subject='Test Ticket',
            description='This is a detailed description that meets the minimum length requirement.',
            category=Ticket.CATEGORY_GENERAL,
            customer_email='test@test.com',
            assigned_to_id=test_agent.id,
            status=Ticket.STATUS_ASSIGNED
        )
        ticket.calculate_sla_deadlines()
        db_session.add(ticket)
        db_session.commit()
    
        response = client.put(f'/api/tickets/{ticket.id}',
            headers=auth_headers,
            json={'subject': 'A' * 201}  # Too long
        )
&gt;       assert response.status_code == 400
E       assert 403 == 400
E        +  where 403 = &lt;WrapperTestResponse streamed [403 FORBIDDEN]&gt;.status_code

../qa-automation/tests/integration/backend/test_ticket_system_comprehensive.py:876: AssertionError</failure></testcase><testcase classname="qa-automation.tests.integration.backend.test_ticket_system_comprehensive.TestErrorHandling" name="test_error_response_format" time="0.022" /><testcase classname="qa-automation.tests.integration.backend.test_user_profile_comprehensive.TestUserRegistration" name="test_register_user_with_minimal_fields" time="0.072" /><testcase classname="qa-automation.tests.integration.backend.test_user_profile_comprehensive.TestUserRegistration" name="test_register_user_with_all_fields" time="0.072" /><testcase classname="qa-automation.tests.integration.backend.test_user_profile_comprehensive.TestUserRegistration" name="test_register_user_as_agent" time="0.072" /><testcase classname="qa-automation.tests.integration.backend.test_user_profile_comprehensive.TestUserRegistration" name="test_register_user_with_long_username" time="0.071" /><testcase classname="qa-automation.tests.integration.backend.test_user_profile_comprehensive.TestUserRegistration" name="test_register_user_with_special_characters_in_name" time="0.071" /><testcase classname="qa-automation.tests.integration.backend.test_user_profile_comprehensive.TestUserRegistration" name="test_register_user_missing_username" time="0.023" /><testcase classname="qa-automation.tests.integration.backend.test_user_profile_comprehensive.TestUserRegistration" name="test_register_user_missing_email" time="0.025" /><testcase classname="qa-automation.tests.integration.backend.test_user_profile_comprehensive.TestUserRegistration" name="test_register_user_missing_password" time="0.024" /><testcase classname="qa-automation.tests.integration.backend.test_user_profile_comprehensive.TestUserRegistration" name="test_register_user_duplicate_username" time="0.073" /><testcase classname="qa-automation.tests.integration.backend.test_user_profile_comprehensive.TestUserRegistration" name="test_register_user_duplicate_email" time="0.073" /><testcase classname="qa-automation.tests.integration.backend.test_user_profile_comprehensive.TestUserRegistration" name="test_register_user_invalid_email_format" time="0.023" /><testcase classname="qa-automation.tests.integration.backend.test_user_profile_comprehensive.TestUserRegistration" name="test_register_user_password_too_short" time="0.023" /><testcase classname="qa-automation.tests.integration.backend.test_user_profile_comprehensive.TestUserRegistration" name="test_register_user_username_too_short" time="0.023" /><testcase classname="qa-automation.tests.integration.backend.test_user_profile_comprehensive.TestUserRegistration" name="test_register_user_username_too_long" time="0.022" /><testcase classname="qa-automation.tests.integration.backend.test_user_profile_comprehensive.TestUserRegistration" name="test_register_user_invalid_role" time="0.023" /><testcase classname="qa-automation.tests.integration.backend.test_user_profile_comprehensive.TestUserRegistration" name="test_register_user_invalid_availability_status" time="0.023" /><testcase classname="qa-automation.tests.integration.backend.test_user_profile_comprehensive.TestUserRegistration" name="test_register_user_with_empty_string_fields" time="0.070" /><testcase classname="qa-automation.tests.integration.backend.test_user_profile_comprehensive.TestUserRegistration" name="test_register_user_with_whitespace_only_fields" time="0.023" /><testcase classname="qa-automation.tests.integration.backend.test_user_profile_comprehensive.TestUserRegistration" name="test_register_user_with_unicode_characters" time="0.071" /><testcase classname="qa-automation.tests.integration.backend.test_user_profile_comprehensive.TestUserRegistration" name="test_register_user_with_maximum_length_password" time="0.073" /><testcase classname="qa-automation.tests.integration.backend.test_user_profile_comprehensive.TestUserRegistration" name="test_register_user_with_json_array_expertise" time="0.075" /><testcase classname="qa-automation.tests.integration.backend.test_user_profile_comprehensive.TestUserRegistration" name="test_register_user_password_not_in_response" time="0.075" /><testcase classname="qa-automation.tests.integration.backend.test_user_profile_comprehensive.TestUserRegistration" name="test_register_user_password_is_hashed" time="0.167" /><testcase classname="qa-automation.tests.integration.backend.test_user_profile_comprehensive.TestUserRegistration" name="test_register_user_sql_injection_in_username" time="0.072" /><testcase classname="qa-automation.tests.integration.backend.test_user_profile_comprehensive.TestUserRegistration" name="test_register_user_xss_in_name_fields" time="0.072" /><testcase classname="qa-automation.tests.integration.backend.test_user_profile_comprehensive.TestUserRegistration" name="test_register_user_rate_limiting" time="0.501" /><testcase classname="qa-automation.tests.integration.backend.test_user_profile_comprehensive.TestProfileUpdates" name="test_update_own_profile_first_name" time="0.119" /><testcase classname="qa-automation.tests.integration.backend.test_user_profile_comprehensive.TestProfileUpdates" name="test_update_own_profile_last_name" time="0.119" /><testcase classname="qa-automation.tests.integration.backend.test_user_profile_comprehensive.TestProfileUpdates" name="test_update_own_profile_email" time="0.120" /><testcase classname="qa-automation.tests.integration.backend.test_user_profile_comprehensive.TestProfileUpdates" name="test_update_own_profile_multiple_fields" time="0.119" /><testcase classname="qa-automation.tests.integration.backend.test_user_profile_comprehensive.TestProfileUpdates" name="test_update_agent_availability_status" time="0.214" /><testcase classname="qa-automation.tests.integration.backend.test_user_profile_comprehensive.TestProfileUpdates" name="test_update_agent_expertise_areas" time="0.210" /><testcase classname="qa-automation.tests.integration.backend.test_user_profile_comprehensive.TestProfileUpdates" name="test_admin_update_other_user_profile" time="0.166" /><testcase classname="qa-automation.tests.integration.backend.test_user_profile_comprehensive.TestProfileUpdates" name="test_admin_update_user_role" time="0.170" /><testcase classname="qa-automation.tests.integration.backend.test_user_profile_comprehensive.TestProfileUpdates" name="test_admin_update_user_active_status" time="0.171" /><testcase classname="qa-automation.tests.integration.backend.test_user_profile_comprehensive.TestProfileUpdates" name="test_update_other_user_profile_as_non_admin" time="0.321" /><testcase classname="qa-automation.tests.integration.backend.test_user_profile_comprehensive.TestProfileUpdates" name="test_update_profile_with_invalid_email" time="0.132" /><testcase classname="qa-automation.tests.integration.backend.test_user_profile_comprehensive.TestProfileUpdates" name="test_update_profile_with_duplicate_email" time="0.183" /><testcase classname="qa-automation.tests.integration.backend.test_user_profile_comprehensive.TestProfileUpdates" name="test_update_profile_with_name_too_long" time="0.131" /><testcase classname="qa-automation.tests.integration.backend.test_user_profile_comprehensive.TestProfileUpdates" name="test_non_admin_update_role" time="0.129" /><testcase classname="qa-automation.tests.integration.backend.test_user_profile_comprehensive.TestProfileUpdates" name="test_non_admin_update_active_status" time="0.136" /><testcase classname="qa-automation.tests.integration.backend.test_user_profile_comprehensive.TestProfileUpdates" name="test_update_nonexistent_user" time="0.143" /><testcase classname="qa-automation.tests.integration.backend.test_user_profile_comprehensive.TestProfileUpdates" name="test_update_profile_without_authentication" time="0.076" /><testcase classname="qa-automation.tests.integration.backend.test_user_profile_comprehensive.TestProfileUpdates" name="test_update_profile_with_empty_string" time="0.129" /><testcase classname="qa-automation.tests.integration.backend.test_user_profile_comprehensive.TestProfileUpdates" name="test_update_profile_partial_update" time="0.134" /><testcase classname="qa-automation.tests.integration.backend.test_user_profile_comprehensive.TestProfileUpdates" name="test_update_profile_with_special_characters" time="0.129" /><testcase classname="qa-automation.tests.integration.backend.test_user_profile_comprehensive.TestProfileUpdates" name="test_update_profile_with_unicode" time="0.131" /><testcase classname="qa-automation.tests.integration.backend.test_user_profile_comprehensive.TestProfileUpdates" name="test_update_profile_authorization_check" time="0.175" /><testcase classname="qa-automation.tests.integration.backend.test_user_profile_comprehensive.TestProfileUpdates" name="test_admin_cannot_remove_own_admin_role" time="0.121" /><testcase classname="qa-automation.tests.integration.backend.test_user_profile_comprehensive.TestProfileUpdates" name="test_admin_cannot_deactivate_own_account" time="0.125" /><testcase classname="qa-automation.tests.integration.backend.test_user_profile_comprehensive.TestProfileUpdates" name="test_update_profile_sql_injection" time="0.125" /><testcase classname="qa-automation.tests.integration.backend.test_user_profile_comprehensive.TestPasswordChanges" name="test_change_password_success" time="0.272" /><testcase classname="qa-automation.tests.integration.backend.test_user_profile_comprehensive.TestPasswordChanges" name="test_change_password_with_special_characters" time="0.217" /><testcase classname="qa-automation.tests.integration.backend.test_user_profile_comprehensive.TestPasswordChanges" name="test_change_password_with_unicode" time="0.214" /><testcase classname="qa-automation.tests.integration.backend.test_user_profile_comprehensive.TestPasswordChanges" name="test_admin_change_user_password" time="0.266" /><testcase classname="qa-automation.tests.integration.backend.test_user_profile_comprehensive.TestPasswordChanges" name="test_change_password_too_short" time="0.123" /><testcase classname="qa-automation.tests.integration.backend.test_user_profile_comprehensive.TestPasswordChanges" name="test_change_password_without_authentication" time="0.074" /><testcase classname="qa-automation.tests.integration.backend.test_user_profile_comprehensive.TestPasswordChanges" name="test_change_other_user_password_as_non_admin" time="0.170" /><testcase classname="qa-automation.tests.integration.backend.test_user_profile_comprehensive.TestPasswordChanges" name="test_change_password_to_same_password" time="0.250" /><testcase classname="qa-automation.tests.integration.backend.test_user_profile_comprehensive.TestPasswordChanges" name="test_change_password_with_maximum_length" time="0.234" /><testcase classname="qa-automation.tests.integration.backend.test_user_profile_comprehensive.TestPasswordChanges" name="test_change_password_multiple_times_rapidly" time="0.131"><failure message="assert 400 == 200&#10; +  where 400 = &lt;WrapperTestResponse streamed [400 BAD REQUEST]&gt;.status_code">self = &lt;test_user_profile_comprehensive.TestPasswordChanges object at 0x109713f20&gt;
client = &lt;FlaskClient &lt;Flask 'app'&gt;&gt;
auth_headers = {'Authorization': 'Bearer eyJhbGciOiJIUzI1NiIsInR5cCI6IkpXVCJ9.eyJmcmVzaCI6ZmFsc2UsImlhdCI6MTc3MDEzMjUwMiwianRpIjoiYWU...zU4NzU1ODMtMDFkNS00MDZlLWJhZmEtOWQ1ODA4NTI4N2VmIiwiZXhwIjoxNzcwMTMyODAyfQ.FhI7tdkTTb7aUnkobZxu9I3fmePOXo81XMhF636RQ4w'}
test_user = &lt;User elizabeth70&gt;

    def test_change_password_multiple_times_rapidly(self, client, auth_headers, test_user):
        """Test: Change password multiple times rapidly
        Expected: All changes succeed, last password is active
        """
        passwords = ['Pass1', 'Pass2', 'Pass3']
        for pwd in passwords:
            response = client.put(f'/api/users/{test_user.id}',
                headers=auth_headers,
                json={'password': pwd}
            )
&gt;           assert response.status_code == 200
E           assert 400 == 200
E            +  where 400 = &lt;WrapperTestResponse streamed [400 BAD REQUEST]&gt;.status_code

../qa-automation/tests/integration/backend/test_user_profile_comprehensive.py:923: AssertionError</failure></testcase><testcase classname="qa-automation.tests.integration.backend.test_user_profile_comprehensive.TestPasswordChanges" name="test_password_not_returned_in_response" time="0.180" /><testcase classname="qa-automation.tests.integration.backend.test_user_profile_comprehensive.TestPasswordChanges" name="test_password_is_hashed" time="0.231" /><testcase classname="qa-automation.tests.integration.backend.test_user_profile_comprehensive.TestPasswordChanges" name="test_password_change_invalidates_old_tokens" time="0.187" /><testcase classname="qa-automation.tests.integration.backend.test_user_profile_comprehensive.TestAccountDeletion" name="test_delete_own_account" time="0.255" /><testcase classname="qa-automation.tests.integration.backend.test_user_profile_comprehensive.TestAccountDeletion" name="test_admin_delete_user_account" time="0.191" /><testcase classname="qa-automation.tests.integration.backend.test_user_profile_comprehensive.TestAccountDeletion" name="test_delete_account_cascades_to_related_data" time="0.195" /><testcase classname="qa-automation.tests.integration.backend.test_user_profile_comprehensive.TestAccountDeletion" name="test_delete_other_user_account_as_non_admin" time="0.185" /><testcase classname="qa-automation.tests.integration.backend.test_user_profile_comprehensive.TestAccountDeletion" name="test_delete_nonexistent_account" time="0.150" /><testcase classname="qa-automation.tests.integration.backend.test_user_profile_comprehensive.TestAccountDeletion" name="test_delete_account_without_authentication" time="0.079" /><testcase classname="qa-automation.tests.integration.backend.test_user_profile_comprehensive.TestAccountDeletion" name="test_delete_account_with_invalid_token" time="0.077" /><testcase classname="qa-automation.tests.integration.backend.test_user_profile_comprehensive.TestAccountDeletion" name="test_delete_account_twice" time="0.335" /><testcase classname="qa-automation.tests.integration.backend.test_user_profile_comprehensive.TestAccountDeletion" name="test_delete_account_with_active_sessions" time="0.252" /><testcase classname="qa-automation.tests.integration.backend.test_user_profile_comprehensive.TestAccountDeletion" name="test_delete_account_authorization_check" time="0.180" /><testcase classname="qa-automation.tests.integration.backend.test_user_profile_comprehensive.TestAccountDeletion" name="test_admin_cannot_delete_self" time="0.143" /><testcase classname="qa-automation.tests.integration.backend.test_user_profile_comprehensive.TestAccountDeletion" name="test_delete_account_sql_injection" time="0.132" /><testcase classname="qa-automation.tests.integration.backend.test_user_profile_comprehensive.TestAccountDeletion" name="test_delete_account_idor_vulnerability" time="0.283" /><testcase classname="qa-automation.tests.integration.backend.test_user_profile_comprehensive.TestUserProfileIntegration" name="test_complete_user_lifecycle" time="0.250" /><testcase classname="qa-automation.tests.integration.backend.test_user_profile_comprehensive.TestUserProfileIntegration" name="test_concurrent_updates" time="0.138" /></testsuite></testsuites>